Building DAG of jobs...
Forcing incomplete files:
	results/trimmed/WT_REP3_control
	results/trimmed/WT_REP3_control_trimmed_R1.fq.gz
	results/trimmed/WT_REP3_control_trimmed_R2.fq.gz
shared_storage_local_copies: True
remote_exec: False
Using shell: /usr/bin/bash
Provided cores: 24
Rules claiming more threads will be scaled down.
Conda environments: ignored
Job stats:
job                   count
------------------  -------
align_paired              3
align_single              3
all                       1
trim_galore_paired        1
total                     8

Resources before job selection: {'_cores': 24, '_nodes': 9223372036854775807}
Ready jobs (6)
Select jobs to execute...
Selected jobs (2)
Resources after job selection: {'_cores': 0, '_nodes': 9223372036854775805}
Execute 2 jobs...

[Wed Aug 14 15:12:21 2024]
localrule align_single:
    input: results/trimmed/RAP1_REP2_treatment_trimmed_R1.fq.gz, resources/annotation.gtf, resources/star_index
    output: results/align/bam_original/RAP1_REP2_treatment.Aligned.out.bam, results/align/bam_transcript/RAP1_REP2_treatment.toTranscriptome.out.bam, results/align/junction/RAP1_REP2_treatment.out.junction
    log: logs/star_align/RAP1_REP2_treatment.star_align.log
    jobid: 9
    reason: Missing output files: results/align/bam_transcript/RAP1_REP2_treatment.toTranscriptome.out.bam, results/align/bam_original/RAP1_REP2_treatment.Aligned.out.bam, results/align/junction/RAP1_REP2_treatment.out.junction
    wildcards: sample=RAP1_REP2_treatment
    threads: 12
    resources: tmpdir=/tmp


[Wed Aug 14 15:12:21 2024]
localrule align_single:
    input: results/trimmed/RAP1_REP1_treatment_trimmed_R1.fq.gz, resources/annotation.gtf, resources/star_index
    output: results/align/bam_original/RAP1_REP1_treatment.Aligned.out.bam, results/align/bam_transcript/RAP1_REP1_treatment.toTranscriptome.out.bam, results/align/junction/RAP1_REP1_treatment.out.junction
    log: logs/star_align/RAP1_REP1_treatment.star_align.log
    jobid: 7
    reason: Missing output files: results/align/bam_original/RAP1_REP1_treatment.Aligned.out.bam, results/align/junction/RAP1_REP1_treatment.out.junction, results/align/bam_transcript/RAP1_REP1_treatment.toTranscriptome.out.bam
    wildcards: sample=RAP1_REP1_treatment
    threads: 12
    resources: tmpdir=/tmp

Completion of job ['align_single'] reported to scheduler.
Waiting at most 5 seconds for missing files.
still missing files, waiting...
still missing files, waiting...
still missing files, waiting...
still missing files, waiting...
still missing files, waiting...
Full Traceback (most recent call last):
  File "/home/lucianhu/micromamba/envs/rna_snakemake/lib/python3.12/site-packages/snakemake/dag.py", line 673, in check_and_touch_output
    await wait_for_files(
  File "/home/lucianhu/micromamba/envs/rna_snakemake/lib/python3.12/site-packages/snakemake/io.py", line 985, in wait_for_files
    raise IOError(
OSError: Missing files after 5 seconds. This might be due to filesystem latency. If that is the case, consider to increase the wait time with --latency-wait:
results/align/bam_original/RAP1_REP1_treatment.Aligned.out.bam (missing locally, parent dir contents: )
results/align/bam_transcript/RAP1_REP1_treatment.toTranscriptome.out.bam (missing locally, parent dir contents: )
results/align/junction/RAP1_REP1_treatment.out.junction (missing locally, parent dir contents: )

During handling of the above exception, another exception occurred:

Traceback (most recent call last):
  File "/home/lucianhu/micromamba/envs/rna_snakemake/lib/python3.12/site-packages/snakemake/scheduler.py", line 334, in postprocess
    await job.postprocess(
  File "/home/lucianhu/micromamba/envs/rna_snakemake/lib/python3.12/site-packages/snakemake/jobs.py", line 1133, in postprocess
    await self.dag.check_and_touch_output(
  File "/home/lucianhu/micromamba/envs/rna_snakemake/lib/python3.12/site-packages/snakemake/dag.py", line 680, in check_and_touch_output
    raise MissingOutputException(
snakemake.exceptions.MissingOutputException: Job 7  completed successfully, but some output files are missing. Missing files after 5 seconds. This might be due to filesystem latency. If that is the case, consider to increase the wait time with --latency-wait:
results/align/bam_original/RAP1_REP1_treatment.Aligned.out.bam (missing locally, parent dir contents: )
results/align/bam_transcript/RAP1_REP1_treatment.toTranscriptome.out.bam (missing locally, parent dir contents: )
results/align/junction/RAP1_REP1_treatment.out.junction (missing locally, parent dir contents: )

MissingOutputException in rule align_single in file /home/lucianhu/rna_snakemake/test_ting/Snakefile, line 199:
Job 7  completed successfully, but some output files are missing. Missing files after 5 seconds. This might be due to filesystem latency. If that is the case, consider to increase the wait time with --latency-wait:
results/align/bam_original/RAP1_REP1_treatment.Aligned.out.bam (missing locally, parent dir contents: )
results/align/bam_transcript/RAP1_REP1_treatment.toTranscriptome.out.bam (missing locally, parent dir contents: )
results/align/junction/RAP1_REP1_treatment.out.junction (missing locally, parent dir contents: )
Completion of job ['align_single'] reported to scheduler.
Waiting at most 5 seconds for missing files.
still missing files, waiting...
still missing files, waiting...
still missing files, waiting...
still missing files, waiting...
still missing files, waiting...
Full Traceback (most recent call last):
  File "/home/lucianhu/micromamba/envs/rna_snakemake/lib/python3.12/site-packages/snakemake/dag.py", line 673, in check_and_touch_output
    await wait_for_files(
  File "/home/lucianhu/micromamba/envs/rna_snakemake/lib/python3.12/site-packages/snakemake/io.py", line 985, in wait_for_files
    raise IOError(
OSError: Missing files after 5 seconds. This might be due to filesystem latency. If that is the case, consider to increase the wait time with --latency-wait:
results/align/bam_original/RAP1_REP2_treatment.Aligned.out.bam (missing locally, parent dir contents: )
results/align/bam_transcript/RAP1_REP2_treatment.toTranscriptome.out.bam (missing locally, parent dir contents: )
results/align/junction/RAP1_REP2_treatment.out.junction (missing locally, parent dir contents: )

During handling of the above exception, another exception occurred:

Traceback (most recent call last):
  File "/home/lucianhu/micromamba/envs/rna_snakemake/lib/python3.12/site-packages/snakemake/scheduler.py", line 334, in postprocess
    await job.postprocess(
  File "/home/lucianhu/micromamba/envs/rna_snakemake/lib/python3.12/site-packages/snakemake/jobs.py", line 1133, in postprocess
    await self.dag.check_and_touch_output(
  File "/home/lucianhu/micromamba/envs/rna_snakemake/lib/python3.12/site-packages/snakemake/dag.py", line 680, in check_and_touch_output
    raise MissingOutputException(
snakemake.exceptions.MissingOutputException: Job 9  completed successfully, but some output files are missing. Missing files after 5 seconds. This might be due to filesystem latency. If that is the case, consider to increase the wait time with --latency-wait:
results/align/bam_original/RAP1_REP2_treatment.Aligned.out.bam (missing locally, parent dir contents: )
results/align/bam_transcript/RAP1_REP2_treatment.toTranscriptome.out.bam (missing locally, parent dir contents: )
results/align/junction/RAP1_REP2_treatment.out.junction (missing locally, parent dir contents: )

MissingOutputException in rule align_single in file /home/lucianhu/rna_snakemake/test_ting/Snakefile, line 199:
Job 9  completed successfully, but some output files are missing. Missing files after 5 seconds. This might be due to filesystem latency. If that is the case, consider to increase the wait time with --latency-wait:
results/align/bam_original/RAP1_REP2_treatment.Aligned.out.bam (missing locally, parent dir contents: )
results/align/bam_transcript/RAP1_REP2_treatment.toTranscriptome.out.bam (missing locally, parent dir contents: )
results/align/junction/RAP1_REP2_treatment.out.junction (missing locally, parent dir contents: )
Shutting down, this might take some time.
Exiting because a job execution failed. Look above for error message
Complete log: .snakemake/log/2024-08-14T151221.524684.snakemake.log
unlocking
removing lock
removing lock
removed all locks
Full Traceback (most recent call last):
  File "/home/lucianhu/micromamba/envs/rna_snakemake/lib/python3.12/site-packages/snakemake/cli.py", line 2103, in args_to_api
    dag_api.execute_workflow(
  File "/home/lucianhu/micromamba/envs/rna_snakemake/lib/python3.12/site-packages/snakemake/api.py", line 594, in execute_workflow
    workflow.execute(
  File "/home/lucianhu/micromamba/envs/rna_snakemake/lib/python3.12/site-packages/snakemake/workflow.py", line 1286, in execute
    raise WorkflowError("At least one job did not complete successfully.")
snakemake_interface_common.exceptions.WorkflowError: At least one job did not complete successfully.

WorkflowError:
At least one job did not complete successfully.
