Building DAG of jobs...
Forcing incomplete files:
	results/trimmed/WT_REP3_control
	results/trimmed/WT_REP3_control_trimmed_R1.fq.gz
	results/trimmed/WT_REP3_control_trimmed_R2.fq.gz
shared_storage_local_copies: True
remote_exec: False
Using shell: /usr/bin/bash
Provided cores: 24
Rules claiming more threads will be scaled down.
Conda environments: ignored
Job stats:
job                   count
------------------  -------
align_paired              3
align_single              3
all                       1
trim_galore_paired        1
total                     8

Resources before job selection: {'_cores': 24, '_nodes': 9223372036854775807}
Ready jobs (6)
Select jobs to execute...
Selected jobs (2)
Resources after job selection: {'_cores': 0, '_nodes': 9223372036854775805}
Execute 2 jobs...

[Thu Aug 15 13:08:51 2024]
localrule align_single:
    input: results/trimmed/RAP1_REP2_treatment_trimmed_R1.fq.gz, resources/annotation.gtf, resources/star_index
    output: results/temp/align/RAP1_REP2_treatment, results/align/bam_original/RAP1_REP2_treatment/RAP1_REP2_treatment.Aligned.out.bam, results/align/bam_transcript/RAP1_REP2_treatment/RAP1_REP2_treatment.toTranscriptome.out.bam
    log: logs/star_align/RAP1_REP2_treatment.star_align.log
    jobid: 9
    reason: Missing output files: results/align/bam_original/RAP1_REP2_treatment/RAP1_REP2_treatment.Aligned.out.bam, results/align/bam_transcript/RAP1_REP2_treatment/RAP1_REP2_treatment.toTranscriptome.out.bam
    wildcards: sample=RAP1_REP2_treatment
    threads: 12
    resources: tmpdir=/tmp

Skipped removing non-empty directory results/temp/align/RAP1_REP2_treatment

[Thu Aug 15 13:08:51 2024]
localrule align_single:
    input: results/trimmed/RAP1_REP1_treatment_trimmed_R1.fq.gz, resources/annotation.gtf, resources/star_index
    output: results/temp/align/RAP1_REP1_treatment, results/align/bam_original/RAP1_REP1_treatment/RAP1_REP1_treatment.Aligned.out.bam, results/align/bam_transcript/RAP1_REP1_treatment/RAP1_REP1_treatment.toTranscriptome.out.bam
    log: logs/star_align/RAP1_REP1_treatment.star_align.log
    jobid: 7
    reason: Missing output files: results/align/bam_original/RAP1_REP1_treatment/RAP1_REP1_treatment.Aligned.out.bam, results/align/bam_transcript/RAP1_REP1_treatment/RAP1_REP1_treatment.toTranscriptome.out.bam
    wildcards: sample=RAP1_REP1_treatment
    threads: 12
    resources: tmpdir=/tmp

Skipped removing non-empty directory results/temp/align/RAP1_REP1_treatment
Full Traceback (most recent call last):
  File "/home/lucianhu/micromamba/envs/rna_snakemake/lib/python3.12/site-packages/snakemake/executors/local.py", line 423, in run_wrapper
    run(
  File "/home/lucianhu/rna_snakemake/test_ting/Snakefile", line 484, in __rule_align_single
  File "/home/lucianhu/micromamba/envs/rna_snakemake/lib/python3.12/site-packages/snakemake/shell.py", line 357, in __new__
    raise sp.CalledProcessError(retcode, cmd)
subprocess.CalledProcessError: Command 'set -euo pipefail;  
        # Run STAR alignment
        STAR --genomeDir resources/star_index              --readFilesIn results/trimmed/RAP1_REP2_treatment_trimmed_R1.fq.gz              --runThreadN 12              --genomeLoad NoSharedMemory              --outFileNamePrefix results/align/RAP1_REP2_treatment_              --sjdbGTFfile resources/annotation.gtf              --outSAMattrRGline 'ID:RAP1_REP2_treatment' 'SM:RAP1_REP2_treatment'              --outSAMtype BAM Unsorted              --quantMode TranscriptomeSAM              --twopassMode Basic              --readFilesCommand zcat              --runRNGseed 0              --alignSJDBoverhangMin 1              --outSAMattributes NH HI AS NM MD              --outSAMstrandField intronMotif              --quantTranscriptomeSAMoutput BanSingleEnd              --outFilterMultimapNmax 1              --outFilterMismatchNmax 3              --peOverlapNbasesMin 10              --alignSplicedMateMapLminOverLmate 0.5              --chimSegmentMin 10              --chimOutType WithinBAM SoftClip              --chimJunctionOverhangMin 10              --chimScoreMin 1              --chimScoreDropMax 30              --chimScoreJunctionNonGTAG 0              --chimScoreSeparation 1              --alignSJstitchMismatchNmax 5 -1 5 5              --chimSegmentReadGapMax 3 &> logs/star_align/RAP1_REP2_treatment.star_align.log

        # Create temp directory if it doesn't exist
        mkdir -p results/temp/align/RAP1_REP2_treatment
        
        # Move all STAR output files except the BAM and transcriptome BAM to the temp directory
        mv results/align/RAP1_REP2_treatment_* results/temp/align/RAP1_REP2_treatment
        
        # Move back the BAM and transcriptome BAM to their original directories
        mv results/temp/align/RAP1_REP2_treatment/RAP1_REP2_treatment_Aligned.out.bam results/align/bam_original/RAP1_REP2_treatment/RAP1_REP2_treatment.Aligned.out.bam
        mv results/temp/align/RAP1_REP2_treatment/RAP1_REP2_treatment_toTranscriptome.out.bam results/align/bam_transcript/RAP1_REP2_treatment/RAP1_REP2_treatment.toTranscriptome.out.bam

        # Check and move unmapped files if they exist to the temp directory
        if [ -f results/align/RAP1_REP2_treatment.Unmapped.out.mate1 ]; then
            mv results/align/RAP1_REP2_treatment.Unmapped.out.mate1 results/temp/align/RAP1_REP2_treatment.unmapped_1.fastq
            gzip results/temp/align/RAP1_REP2_treatment.unmapped_1.fastq
        fi' returned non-zero exit status 1.

Full Traceback (most recent call last):
  File "/home/lucianhu/micromamba/envs/rna_snakemake/lib/python3.12/site-packages/snakemake/executors/local.py", line 423, in run_wrapper
    run(
  File "/home/lucianhu/rna_snakemake/test_ting/Snakefile", line 484, in __rule_align_single
  File "/home/lucianhu/micromamba/envs/rna_snakemake/lib/python3.12/site-packages/snakemake/shell.py", line 357, in __new__
    raise sp.CalledProcessError(retcode, cmd)
subprocess.CalledProcessError: Command 'set -euo pipefail;  
        # Run STAR alignment
        STAR --genomeDir resources/star_index              --readFilesIn results/trimmed/RAP1_REP2_treatment_trimmed_R1.fq.gz              --runThreadN 12              --genomeLoad NoSharedMemory              --outFileNamePrefix results/align/RAP1_REP2_treatment_              --sjdbGTFfile resources/annotation.gtf              --outSAMattrRGline 'ID:RAP1_REP2_treatment' 'SM:RAP1_REP2_treatment'              --outSAMtype BAM Unsorted              --quantMode TranscriptomeSAM              --twopassMode Basic              --readFilesCommand zcat              --runRNGseed 0              --alignSJDBoverhangMin 1              --outSAMattributes NH HI AS NM MD              --outSAMstrandField intronMotif              --quantTranscriptomeSAMoutput BanSingleEnd              --outFilterMultimapNmax 1              --outFilterMismatchNmax 3              --peOverlapNbasesMin 10              --alignSplicedMateMapLminOverLmate 0.5              --chimSegmentMin 10              --chimOutType WithinBAM SoftClip              --chimJunctionOverhangMin 10              --chimScoreMin 1              --chimScoreDropMax 30              --chimScoreJunctionNonGTAG 0              --chimScoreSeparation 1              --alignSJstitchMismatchNmax 5 -1 5 5              --chimSegmentReadGapMax 3 &> logs/star_align/RAP1_REP2_treatment.star_align.log

        # Create temp directory if it doesn't exist
        mkdir -p results/temp/align/RAP1_REP2_treatment
        
        # Move all STAR output files except the BAM and transcriptome BAM to the temp directory
        mv results/align/RAP1_REP2_treatment_* results/temp/align/RAP1_REP2_treatment
        
        # Move back the BAM and transcriptome BAM to their original directories
        mv results/temp/align/RAP1_REP2_treatment/RAP1_REP2_treatment_Aligned.out.bam results/align/bam_original/RAP1_REP2_treatment/RAP1_REP2_treatment.Aligned.out.bam
        mv results/temp/align/RAP1_REP2_treatment/RAP1_REP2_treatment_toTranscriptome.out.bam results/align/bam_transcript/RAP1_REP2_treatment/RAP1_REP2_treatment.toTranscriptome.out.bam

        # Check and move unmapped files if they exist to the temp directory
        if [ -f results/align/RAP1_REP2_treatment.Unmapped.out.mate1 ]; then
            mv results/align/RAP1_REP2_treatment.Unmapped.out.mate1 results/temp/align/RAP1_REP2_treatment.unmapped_1.fastq
            gzip results/temp/align/RAP1_REP2_treatment.unmapped_1.fastq
        fi' returned non-zero exit status 1.

During handling of the above exception, another exception occurred:

Traceback (most recent call last):
  File "/home/lucianhu/micromamba/envs/rna_snakemake/lib/python3.12/site-packages/snakemake/executors/local.py", line 261, in _callback
    raise ex
  File "/home/lucianhu/micromamba/envs/rna_snakemake/lib/python3.12/concurrent/futures/thread.py", line 58, in run
    result = self.fn(*self.args, **self.kwargs)
             ^^^^^^^^^^^^^^^^^^^^^^^^^^^^^^^^^^
  File "/home/lucianhu/micromamba/envs/rna_snakemake/lib/python3.12/site-packages/snakemake/executors/local.py", line 247, in cached_or_run
    run_func(*args)
  File "/home/lucianhu/micromamba/envs/rna_snakemake/lib/python3.12/site-packages/snakemake/executors/local.py", line 459, in run_wrapper
    raise RuleException(
snakemake.exceptions.RuleException: CalledProcessError in file /home/lucianhu/rna_snakemake/test_ting/Snakefile, line 241:
Command 'set -euo pipefail;  
        # Run STAR alignment
        STAR --genomeDir resources/star_index              --readFilesIn results/trimmed/RAP1_REP2_treatment_trimmed_R1.fq.gz              --runThreadN 12              --genomeLoad NoSharedMemory              --outFileNamePrefix results/align/RAP1_REP2_treatment_              --sjdbGTFfile resources/annotation.gtf              --outSAMattrRGline 'ID:RAP1_REP2_treatment' 'SM:RAP1_REP2_treatment'              --outSAMtype BAM Unsorted              --quantMode TranscriptomeSAM              --twopassMode Basic              --readFilesCommand zcat              --runRNGseed 0              --alignSJDBoverhangMin 1              --outSAMattributes NH HI AS NM MD              --outSAMstrandField intronMotif              --quantTranscriptomeSAMoutput BanSingleEnd              --outFilterMultimapNmax 1              --outFilterMismatchNmax 3              --peOverlapNbasesMin 10              --alignSplicedMateMapLminOverLmate 0.5              --chimSegmentMin 10              --chimOutType WithinBAM SoftClip              --chimJunctionOverhangMin 10              --chimScoreMin 1              --chimScoreDropMax 30              --chimScoreJunctionNonGTAG 0              --chimScoreSeparation 1              --alignSJstitchMismatchNmax 5 -1 5 5              --chimSegmentReadGapMax 3 &> logs/star_align/RAP1_REP2_treatment.star_align.log

        # Create temp directory if it doesn't exist
        mkdir -p results/temp/align/RAP1_REP2_treatment
        
        # Move all STAR output files except the BAM and transcriptome BAM to the temp directory
        mv results/align/RAP1_REP2_treatment_* results/temp/align/RAP1_REP2_treatment
        
        # Move back the BAM and transcriptome BAM to their original directories
        mv results/temp/align/RAP1_REP2_treatment/RAP1_REP2_treatment_Aligned.out.bam results/align/bam_original/RAP1_REP2_treatment/RAP1_REP2_treatment.Aligned.out.bam
        mv results/temp/align/RAP1_REP2_treatment/RAP1_REP2_treatment_toTranscriptome.out.bam results/align/bam_transcript/RAP1_REP2_treatment/RAP1_REP2_treatment.toTranscriptome.out.bam

        # Check and move unmapped files if they exist to the temp directory
        if [ -f results/align/RAP1_REP2_treatment.Unmapped.out.mate1 ]; then
            mv results/align/RAP1_REP2_treatment.Unmapped.out.mate1 results/temp/align/RAP1_REP2_treatment.unmapped_1.fastq
            gzip results/temp/align/RAP1_REP2_treatment.unmapped_1.fastq
        fi' returned non-zero exit status 1.

RuleException:
CalledProcessError in file /home/lucianhu/rna_snakemake/test_ting/Snakefile, line 241:
Command 'set -euo pipefail;  
        # Run STAR alignment
        STAR --genomeDir resources/star_index              --readFilesIn results/trimmed/RAP1_REP2_treatment_trimmed_R1.fq.gz              --runThreadN 12              --genomeLoad NoSharedMemory              --outFileNamePrefix results/align/RAP1_REP2_treatment_              --sjdbGTFfile resources/annotation.gtf              --outSAMattrRGline 'ID:RAP1_REP2_treatment' 'SM:RAP1_REP2_treatment'              --outSAMtype BAM Unsorted              --quantMode TranscriptomeSAM              --twopassMode Basic              --readFilesCommand zcat              --runRNGseed 0              --alignSJDBoverhangMin 1              --outSAMattributes NH HI AS NM MD              --outSAMstrandField intronMotif              --quantTranscriptomeSAMoutput BanSingleEnd              --outFilterMultimapNmax 1              --outFilterMismatchNmax 3              --peOverlapNbasesMin 10              --alignSplicedMateMapLminOverLmate 0.5              --chimSegmentMin 10              --chimOutType WithinBAM SoftClip              --chimJunctionOverhangMin 10              --chimScoreMin 1              --chimScoreDropMax 30              --chimScoreJunctionNonGTAG 0              --chimScoreSeparation 1              --alignSJstitchMismatchNmax 5 -1 5 5              --chimSegmentReadGapMax 3 &> logs/star_align/RAP1_REP2_treatment.star_align.log

        # Create temp directory if it doesn't exist
        mkdir -p results/temp/align/RAP1_REP2_treatment
        
        # Move all STAR output files except the BAM and transcriptome BAM to the temp directory
        mv results/align/RAP1_REP2_treatment_* results/temp/align/RAP1_REP2_treatment
        
        # Move back the BAM and transcriptome BAM to their original directories
        mv results/temp/align/RAP1_REP2_treatment/RAP1_REP2_treatment_Aligned.out.bam results/align/bam_original/RAP1_REP2_treatment/RAP1_REP2_treatment.Aligned.out.bam
        mv results/temp/align/RAP1_REP2_treatment/RAP1_REP2_treatment_toTranscriptome.out.bam results/align/bam_transcript/RAP1_REP2_treatment/RAP1_REP2_treatment.toTranscriptome.out.bam

        # Check and move unmapped files if they exist to the temp directory
        if [ -f results/align/RAP1_REP2_treatment.Unmapped.out.mate1 ]; then
            mv results/align/RAP1_REP2_treatment.Unmapped.out.mate1 results/temp/align/RAP1_REP2_treatment.unmapped_1.fastq
            gzip results/temp/align/RAP1_REP2_treatment.unmapped_1.fastq
        fi' returned non-zero exit status 1.
[Thu Aug 15 13:09:12 2024]
Error in rule align_single:
    jobid: 9
    input: results/trimmed/RAP1_REP2_treatment_trimmed_R1.fq.gz, resources/annotation.gtf, resources/star_index
    output: results/temp/align/RAP1_REP2_treatment, results/align/bam_original/RAP1_REP2_treatment/RAP1_REP2_treatment.Aligned.out.bam, results/align/bam_transcript/RAP1_REP2_treatment/RAP1_REP2_treatment.toTranscriptome.out.bam
    log: logs/star_align/RAP1_REP2_treatment.star_align.log (check log file(s) for error details)
    conda-env: /home/lucianhu/rna_snakemake/test_ting/.snakemake/conda/1f835baae0b7b062716b90b833a307f5_
    shell:
        
        # Run STAR alignment
        STAR --genomeDir resources/star_index              --readFilesIn results/trimmed/RAP1_REP2_treatment_trimmed_R1.fq.gz              --runThreadN 12              --genomeLoad NoSharedMemory              --outFileNamePrefix results/align/RAP1_REP2_treatment_              --sjdbGTFfile resources/annotation.gtf              --outSAMattrRGline 'ID:RAP1_REP2_treatment' 'SM:RAP1_REP2_treatment'              --outSAMtype BAM Unsorted              --quantMode TranscriptomeSAM              --twopassMode Basic              --readFilesCommand zcat              --runRNGseed 0              --alignSJDBoverhangMin 1              --outSAMattributes NH HI AS NM MD              --outSAMstrandField intronMotif              --quantTranscriptomeSAMoutput BanSingleEnd              --outFilterMultimapNmax 1              --outFilterMismatchNmax 3              --peOverlapNbasesMin 10              --alignSplicedMateMapLminOverLmate 0.5              --chimSegmentMin 10              --chimOutType WithinBAM SoftClip              --chimJunctionOverhangMin 10              --chimScoreMin 1              --chimScoreDropMax 30              --chimScoreJunctionNonGTAG 0              --chimScoreSeparation 1              --alignSJstitchMismatchNmax 5 -1 5 5              --chimSegmentReadGapMax 3 &> logs/star_align/RAP1_REP2_treatment.star_align.log

        # Create temp directory if it doesn't exist
        mkdir -p results/temp/align/RAP1_REP2_treatment
        
        # Move all STAR output files except the BAM and transcriptome BAM to the temp directory
        mv results/align/RAP1_REP2_treatment_* results/temp/align/RAP1_REP2_treatment
        
        # Move back the BAM and transcriptome BAM to their original directories
        mv results/temp/align/RAP1_REP2_treatment/RAP1_REP2_treatment_Aligned.out.bam results/align/bam_original/RAP1_REP2_treatment/RAP1_REP2_treatment.Aligned.out.bam
        mv results/temp/align/RAP1_REP2_treatment/RAP1_REP2_treatment_toTranscriptome.out.bam results/align/bam_transcript/RAP1_REP2_treatment/RAP1_REP2_treatment.toTranscriptome.out.bam

        # Check and move unmapped files if they exist to the temp directory
        if [ -f results/align/RAP1_REP2_treatment.Unmapped.out.mate1 ]; then
            mv results/align/RAP1_REP2_treatment.Unmapped.out.mate1 results/temp/align/RAP1_REP2_treatment.unmapped_1.fastq
            gzip results/temp/align/RAP1_REP2_treatment.unmapped_1.fastq
        fi
        
        (one of the commands exited with non-zero exit code; note that snakemake uses bash strict mode!)

Removing output files of failed job align_single since they might be corrupted:
results/temp/align/RAP1_REP2_treatment
Skipped removing non-empty directory results/temp/align/RAP1_REP2_treatment
Full Traceback (most recent call last):
  File "/home/lucianhu/micromamba/envs/rna_snakemake/lib/python3.12/site-packages/snakemake/executors/local.py", line 423, in run_wrapper
    run(
  File "/home/lucianhu/rna_snakemake/test_ting/Snakefile", line 484, in __rule_align_single
  File "/home/lucianhu/micromamba/envs/rna_snakemake/lib/python3.12/site-packages/snakemake/shell.py", line 357, in __new__
    raise sp.CalledProcessError(retcode, cmd)
subprocess.CalledProcessError: Command 'set -euo pipefail;  
        # Run STAR alignment
        STAR --genomeDir resources/star_index              --readFilesIn results/trimmed/RAP1_REP1_treatment_trimmed_R1.fq.gz              --runThreadN 12              --genomeLoad NoSharedMemory              --outFileNamePrefix results/align/RAP1_REP1_treatment_              --sjdbGTFfile resources/annotation.gtf              --outSAMattrRGline 'ID:RAP1_REP1_treatment' 'SM:RAP1_REP1_treatment'              --outSAMtype BAM Unsorted              --quantMode TranscriptomeSAM              --twopassMode Basic              --readFilesCommand zcat              --runRNGseed 0              --alignSJDBoverhangMin 1              --outSAMattributes NH HI AS NM MD              --outSAMstrandField intronMotif              --quantTranscriptomeSAMoutput BanSingleEnd              --outFilterMultimapNmax 1              --outFilterMismatchNmax 3              --peOverlapNbasesMin 10              --alignSplicedMateMapLminOverLmate 0.5              --chimSegmentMin 10              --chimOutType WithinBAM SoftClip              --chimJunctionOverhangMin 10              --chimScoreMin 1              --chimScoreDropMax 30              --chimScoreJunctionNonGTAG 0              --chimScoreSeparation 1              --alignSJstitchMismatchNmax 5 -1 5 5              --chimSegmentReadGapMax 3 &> logs/star_align/RAP1_REP1_treatment.star_align.log

        # Create temp directory if it doesn't exist
        mkdir -p results/temp/align/RAP1_REP1_treatment
        
        # Move all STAR output files except the BAM and transcriptome BAM to the temp directory
        mv results/align/RAP1_REP1_treatment_* results/temp/align/RAP1_REP1_treatment
        
        # Move back the BAM and transcriptome BAM to their original directories
        mv results/temp/align/RAP1_REP1_treatment/RAP1_REP1_treatment_Aligned.out.bam results/align/bam_original/RAP1_REP1_treatment/RAP1_REP1_treatment.Aligned.out.bam
        mv results/temp/align/RAP1_REP1_treatment/RAP1_REP1_treatment_toTranscriptome.out.bam results/align/bam_transcript/RAP1_REP1_treatment/RAP1_REP1_treatment.toTranscriptome.out.bam

        # Check and move unmapped files if they exist to the temp directory
        if [ -f results/align/RAP1_REP1_treatment.Unmapped.out.mate1 ]; then
            mv results/align/RAP1_REP1_treatment.Unmapped.out.mate1 results/temp/align/RAP1_REP1_treatment.unmapped_1.fastq
            gzip results/temp/align/RAP1_REP1_treatment.unmapped_1.fastq
        fi' returned non-zero exit status 1.

Full Traceback (most recent call last):
  File "/home/lucianhu/micromamba/envs/rna_snakemake/lib/python3.12/site-packages/snakemake/executors/local.py", line 423, in run_wrapper
    run(
  File "/home/lucianhu/rna_snakemake/test_ting/Snakefile", line 484, in __rule_align_single
  File "/home/lucianhu/micromamba/envs/rna_snakemake/lib/python3.12/site-packages/snakemake/shell.py", line 357, in __new__
    raise sp.CalledProcessError(retcode, cmd)
subprocess.CalledProcessError: Command 'set -euo pipefail;  
        # Run STAR alignment
        STAR --genomeDir resources/star_index              --readFilesIn results/trimmed/RAP1_REP1_treatment_trimmed_R1.fq.gz              --runThreadN 12              --genomeLoad NoSharedMemory              --outFileNamePrefix results/align/RAP1_REP1_treatment_              --sjdbGTFfile resources/annotation.gtf              --outSAMattrRGline 'ID:RAP1_REP1_treatment' 'SM:RAP1_REP1_treatment'              --outSAMtype BAM Unsorted              --quantMode TranscriptomeSAM              --twopassMode Basic              --readFilesCommand zcat              --runRNGseed 0              --alignSJDBoverhangMin 1              --outSAMattributes NH HI AS NM MD              --outSAMstrandField intronMotif              --quantTranscriptomeSAMoutput BanSingleEnd              --outFilterMultimapNmax 1              --outFilterMismatchNmax 3              --peOverlapNbasesMin 10              --alignSplicedMateMapLminOverLmate 0.5              --chimSegmentMin 10              --chimOutType WithinBAM SoftClip              --chimJunctionOverhangMin 10              --chimScoreMin 1              --chimScoreDropMax 30              --chimScoreJunctionNonGTAG 0              --chimScoreSeparation 1              --alignSJstitchMismatchNmax 5 -1 5 5              --chimSegmentReadGapMax 3 &> logs/star_align/RAP1_REP1_treatment.star_align.log

        # Create temp directory if it doesn't exist
        mkdir -p results/temp/align/RAP1_REP1_treatment
        
        # Move all STAR output files except the BAM and transcriptome BAM to the temp directory
        mv results/align/RAP1_REP1_treatment_* results/temp/align/RAP1_REP1_treatment
        
        # Move back the BAM and transcriptome BAM to their original directories
        mv results/temp/align/RAP1_REP1_treatment/RAP1_REP1_treatment_Aligned.out.bam results/align/bam_original/RAP1_REP1_treatment/RAP1_REP1_treatment.Aligned.out.bam
        mv results/temp/align/RAP1_REP1_treatment/RAP1_REP1_treatment_toTranscriptome.out.bam results/align/bam_transcript/RAP1_REP1_treatment/RAP1_REP1_treatment.toTranscriptome.out.bam

        # Check and move unmapped files if they exist to the temp directory
        if [ -f results/align/RAP1_REP1_treatment.Unmapped.out.mate1 ]; then
            mv results/align/RAP1_REP1_treatment.Unmapped.out.mate1 results/temp/align/RAP1_REP1_treatment.unmapped_1.fastq
            gzip results/temp/align/RAP1_REP1_treatment.unmapped_1.fastq
        fi' returned non-zero exit status 1.

During handling of the above exception, another exception occurred:

Traceback (most recent call last):
  File "/home/lucianhu/micromamba/envs/rna_snakemake/lib/python3.12/site-packages/snakemake/executors/local.py", line 261, in _callback
    raise ex
  File "/home/lucianhu/micromamba/envs/rna_snakemake/lib/python3.12/concurrent/futures/thread.py", line 58, in run
    result = self.fn(*self.args, **self.kwargs)
             ^^^^^^^^^^^^^^^^^^^^^^^^^^^^^^^^^^
  File "/home/lucianhu/micromamba/envs/rna_snakemake/lib/python3.12/site-packages/snakemake/executors/local.py", line 247, in cached_or_run
    run_func(*args)
  File "/home/lucianhu/micromamba/envs/rna_snakemake/lib/python3.12/site-packages/snakemake/executors/local.py", line 459, in run_wrapper
    raise RuleException(
snakemake.exceptions.RuleException: CalledProcessError in file /home/lucianhu/rna_snakemake/test_ting/Snakefile, line 241:
Command 'set -euo pipefail;  
        # Run STAR alignment
        STAR --genomeDir resources/star_index              --readFilesIn results/trimmed/RAP1_REP1_treatment_trimmed_R1.fq.gz              --runThreadN 12              --genomeLoad NoSharedMemory              --outFileNamePrefix results/align/RAP1_REP1_treatment_              --sjdbGTFfile resources/annotation.gtf              --outSAMattrRGline 'ID:RAP1_REP1_treatment' 'SM:RAP1_REP1_treatment'              --outSAMtype BAM Unsorted              --quantMode TranscriptomeSAM              --twopassMode Basic              --readFilesCommand zcat              --runRNGseed 0              --alignSJDBoverhangMin 1              --outSAMattributes NH HI AS NM MD              --outSAMstrandField intronMotif              --quantTranscriptomeSAMoutput BanSingleEnd              --outFilterMultimapNmax 1              --outFilterMismatchNmax 3              --peOverlapNbasesMin 10              --alignSplicedMateMapLminOverLmate 0.5              --chimSegmentMin 10              --chimOutType WithinBAM SoftClip              --chimJunctionOverhangMin 10              --chimScoreMin 1              --chimScoreDropMax 30              --chimScoreJunctionNonGTAG 0              --chimScoreSeparation 1              --alignSJstitchMismatchNmax 5 -1 5 5              --chimSegmentReadGapMax 3 &> logs/star_align/RAP1_REP1_treatment.star_align.log

        # Create temp directory if it doesn't exist
        mkdir -p results/temp/align/RAP1_REP1_treatment
        
        # Move all STAR output files except the BAM and transcriptome BAM to the temp directory
        mv results/align/RAP1_REP1_treatment_* results/temp/align/RAP1_REP1_treatment
        
        # Move back the BAM and transcriptome BAM to their original directories
        mv results/temp/align/RAP1_REP1_treatment/RAP1_REP1_treatment_Aligned.out.bam results/align/bam_original/RAP1_REP1_treatment/RAP1_REP1_treatment.Aligned.out.bam
        mv results/temp/align/RAP1_REP1_treatment/RAP1_REP1_treatment_toTranscriptome.out.bam results/align/bam_transcript/RAP1_REP1_treatment/RAP1_REP1_treatment.toTranscriptome.out.bam

        # Check and move unmapped files if they exist to the temp directory
        if [ -f results/align/RAP1_REP1_treatment.Unmapped.out.mate1 ]; then
            mv results/align/RAP1_REP1_treatment.Unmapped.out.mate1 results/temp/align/RAP1_REP1_treatment.unmapped_1.fastq
            gzip results/temp/align/RAP1_REP1_treatment.unmapped_1.fastq
        fi' returned non-zero exit status 1.

RuleException:
CalledProcessError in file /home/lucianhu/rna_snakemake/test_ting/Snakefile, line 241:
Command 'set -euo pipefail;  
        # Run STAR alignment
        STAR --genomeDir resources/star_index              --readFilesIn results/trimmed/RAP1_REP1_treatment_trimmed_R1.fq.gz              --runThreadN 12              --genomeLoad NoSharedMemory              --outFileNamePrefix results/align/RAP1_REP1_treatment_              --sjdbGTFfile resources/annotation.gtf              --outSAMattrRGline 'ID:RAP1_REP1_treatment' 'SM:RAP1_REP1_treatment'              --outSAMtype BAM Unsorted              --quantMode TranscriptomeSAM              --twopassMode Basic              --readFilesCommand zcat              --runRNGseed 0              --alignSJDBoverhangMin 1              --outSAMattributes NH HI AS NM MD              --outSAMstrandField intronMotif              --quantTranscriptomeSAMoutput BanSingleEnd              --outFilterMultimapNmax 1              --outFilterMismatchNmax 3              --peOverlapNbasesMin 10              --alignSplicedMateMapLminOverLmate 0.5              --chimSegmentMin 10              --chimOutType WithinBAM SoftClip              --chimJunctionOverhangMin 10              --chimScoreMin 1              --chimScoreDropMax 30              --chimScoreJunctionNonGTAG 0              --chimScoreSeparation 1              --alignSJstitchMismatchNmax 5 -1 5 5              --chimSegmentReadGapMax 3 &> logs/star_align/RAP1_REP1_treatment.star_align.log

        # Create temp directory if it doesn't exist
        mkdir -p results/temp/align/RAP1_REP1_treatment
        
        # Move all STAR output files except the BAM and transcriptome BAM to the temp directory
        mv results/align/RAP1_REP1_treatment_* results/temp/align/RAP1_REP1_treatment
        
        # Move back the BAM and transcriptome BAM to their original directories
        mv results/temp/align/RAP1_REP1_treatment/RAP1_REP1_treatment_Aligned.out.bam results/align/bam_original/RAP1_REP1_treatment/RAP1_REP1_treatment.Aligned.out.bam
        mv results/temp/align/RAP1_REP1_treatment/RAP1_REP1_treatment_toTranscriptome.out.bam results/align/bam_transcript/RAP1_REP1_treatment/RAP1_REP1_treatment.toTranscriptome.out.bam

        # Check and move unmapped files if they exist to the temp directory
        if [ -f results/align/RAP1_REP1_treatment.Unmapped.out.mate1 ]; then
            mv results/align/RAP1_REP1_treatment.Unmapped.out.mate1 results/temp/align/RAP1_REP1_treatment.unmapped_1.fastq
            gzip results/temp/align/RAP1_REP1_treatment.unmapped_1.fastq
        fi' returned non-zero exit status 1.
[Thu Aug 15 13:09:14 2024]
Error in rule align_single:
    jobid: 7
    input: results/trimmed/RAP1_REP1_treatment_trimmed_R1.fq.gz, resources/annotation.gtf, resources/star_index
    output: results/temp/align/RAP1_REP1_treatment, results/align/bam_original/RAP1_REP1_treatment/RAP1_REP1_treatment.Aligned.out.bam, results/align/bam_transcript/RAP1_REP1_treatment/RAP1_REP1_treatment.toTranscriptome.out.bam
    log: logs/star_align/RAP1_REP1_treatment.star_align.log (check log file(s) for error details)
    conda-env: /home/lucianhu/rna_snakemake/test_ting/.snakemake/conda/1f835baae0b7b062716b90b833a307f5_
    shell:
        
        # Run STAR alignment
        STAR --genomeDir resources/star_index              --readFilesIn results/trimmed/RAP1_REP1_treatment_trimmed_R1.fq.gz              --runThreadN 12              --genomeLoad NoSharedMemory              --outFileNamePrefix results/align/RAP1_REP1_treatment_              --sjdbGTFfile resources/annotation.gtf              --outSAMattrRGline 'ID:RAP1_REP1_treatment' 'SM:RAP1_REP1_treatment'              --outSAMtype BAM Unsorted              --quantMode TranscriptomeSAM              --twopassMode Basic              --readFilesCommand zcat              --runRNGseed 0              --alignSJDBoverhangMin 1              --outSAMattributes NH HI AS NM MD              --outSAMstrandField intronMotif              --quantTranscriptomeSAMoutput BanSingleEnd              --outFilterMultimapNmax 1              --outFilterMismatchNmax 3              --peOverlapNbasesMin 10              --alignSplicedMateMapLminOverLmate 0.5              --chimSegmentMin 10              --chimOutType WithinBAM SoftClip              --chimJunctionOverhangMin 10              --chimScoreMin 1              --chimScoreDropMax 30              --chimScoreJunctionNonGTAG 0              --chimScoreSeparation 1              --alignSJstitchMismatchNmax 5 -1 5 5              --chimSegmentReadGapMax 3 &> logs/star_align/RAP1_REP1_treatment.star_align.log

        # Create temp directory if it doesn't exist
        mkdir -p results/temp/align/RAP1_REP1_treatment
        
        # Move all STAR output files except the BAM and transcriptome BAM to the temp directory
        mv results/align/RAP1_REP1_treatment_* results/temp/align/RAP1_REP1_treatment
        
        # Move back the BAM and transcriptome BAM to their original directories
        mv results/temp/align/RAP1_REP1_treatment/RAP1_REP1_treatment_Aligned.out.bam results/align/bam_original/RAP1_REP1_treatment/RAP1_REP1_treatment.Aligned.out.bam
        mv results/temp/align/RAP1_REP1_treatment/RAP1_REP1_treatment_toTranscriptome.out.bam results/align/bam_transcript/RAP1_REP1_treatment/RAP1_REP1_treatment.toTranscriptome.out.bam

        # Check and move unmapped files if they exist to the temp directory
        if [ -f results/align/RAP1_REP1_treatment.Unmapped.out.mate1 ]; then
            mv results/align/RAP1_REP1_treatment.Unmapped.out.mate1 results/temp/align/RAP1_REP1_treatment.unmapped_1.fastq
            gzip results/temp/align/RAP1_REP1_treatment.unmapped_1.fastq
        fi
        
        (one of the commands exited with non-zero exit code; note that snakemake uses bash strict mode!)

Removing output files of failed job align_single since they might be corrupted:
results/temp/align/RAP1_REP1_treatment
Skipped removing non-empty directory results/temp/align/RAP1_REP1_treatment
Shutting down, this might take some time.
Exiting because a job execution failed. Look above for error message
Complete log: .snakemake/log/2024-08-15T130850.944706.snakemake.log
unlocking
removing lock
removing lock
removed all locks
Full Traceback (most recent call last):
  File "/home/lucianhu/micromamba/envs/rna_snakemake/lib/python3.12/site-packages/snakemake/cli.py", line 2103, in args_to_api
    dag_api.execute_workflow(
  File "/home/lucianhu/micromamba/envs/rna_snakemake/lib/python3.12/site-packages/snakemake/api.py", line 594, in execute_workflow
    workflow.execute(
  File "/home/lucianhu/micromamba/envs/rna_snakemake/lib/python3.12/site-packages/snakemake/workflow.py", line 1286, in execute
    raise WorkflowError("At least one job did not complete successfully.")
snakemake_interface_common.exceptions.WorkflowError: At least one job did not complete successfully.

WorkflowError:
At least one job did not complete successfully.
