Building DAG of jobs...
Forcing incomplete files:
	results/trimmed/WT_REP3_control
	results/trimmed/WT_REP3_control_trimmed_R1.fq.gz
	results/trimmed/WT_REP3_control_trimmed_R2.fq.gz
shared_storage_local_copies: True
remote_exec: False
Using shell: /usr/bin/bash
Provided cores: 24
Rules claiming more threads will be scaled down.
Conda environments: ignored
Job stats:
job                   count
------------------  -------
align                     6
all                       1
trim_galore_paired        1
total                     8

Resources before job selection: {'_cores': 24, '_nodes': 9223372036854775807}
Ready jobs (6)
Select jobs to execute...
Selected jobs (2)
Resources after job selection: {'_cores': 0, '_nodes': 9223372036854775805}
Execute 2 jobs...

[Wed Aug 14 13:47:52 2024]
localrule align:
    input: results/trimmed/RAP1_REP2_treatment_trimmed_R1.fq.gz, resources/annotation.gtf, resources/star_index
    output: results/align/bam_original/RAP1_REP2_treatment.Aligned.out.bam, results/align/bam_transcript/RAP1_REP2_treatment.toTranscriptome.out.bam, results/align/junction/RAP1_REP2_treatment.out.junction
    log: logs/star_align/RAP1_REP2_treatment.star_align.log
    jobid: 11
    reason: Missing output files: results/align/bam_transcript/RAP1_REP2_treatment.toTranscriptome.out.bam, results/align/bam_original/RAP1_REP2_treatment.Aligned.out.bam, results/align/junction/RAP1_REP2_treatment.out.junction
    wildcards: sample=RAP1_REP2_treatment
    threads: 12
    resources: tmpdir=/tmp

unlocking
removing lock
removing lock
removed all locks
Full Traceback (most recent call last):
  File "/home/lucianhu/micromamba/envs/rna_snakemake/lib/python3.12/site-packages/snakemake/jobs.py", line 948, in format_wildcards
    return format(string, **_variables)
           ^^^^^^^^^^^^^^^^^^^^^^^^^^^^
  File "/home/lucianhu/micromamba/envs/rna_snakemake/lib/python3.12/site-packages/snakemake/utils.py", line 427, in format
    return fmt.format(_pattern, *args, **variables)
           ^^^^^^^^^^^^^^^^^^^^^^^^^^^^^^^^^^^^^^^^
  File "/home/lucianhu/micromamba/envs/rna_snakemake/lib/python3.12/string.py", line 190, in format
    return self.vformat(format_string, args, kwargs)
           ^^^^^^^^^^^^^^^^^^^^^^^^^^^^^^^^^^^^^^^^^
  File "/home/lucianhu/micromamba/envs/rna_snakemake/lib/python3.12/string.py", line 194, in vformat
    result, _ = self._vformat(format_string, args, kwargs, used_args, 2)
                ^^^^^^^^^^^^^^^^^^^^^^^^^^^^^^^^^^^^^^^^^^^^^^^^^^^^^^^^
  File "/home/lucianhu/micromamba/envs/rna_snakemake/lib/python3.12/string.py", line 234, in _vformat
    obj, arg_used = self.get_field(field_name, args, kwargs)
                    ^^^^^^^^^^^^^^^^^^^^^^^^^^^^^^^^^^^^^^^^
  File "/home/lucianhu/micromamba/envs/rna_snakemake/lib/python3.12/string.py", line 307, in get_field
    obj = obj[i]
          ~~~^^^
  File "/home/lucianhu/micromamba/envs/rna_snakemake/lib/python3.12/site-packages/snakemake/io.py", line 1743, in __getitem__
    return super().__getitem__(key)
           ^^^^^^^^^^^^^^^^^^^^^^^^
IndexError: list index out of range

During handling of the above exception, another exception occurred:

Traceback (most recent call last):
  File "/home/lucianhu/micromamba/envs/rna_snakemake/lib/python3.12/site-packages/snakemake/cli.py", line 2103, in args_to_api
    dag_api.execute_workflow(
  File "/home/lucianhu/micromamba/envs/rna_snakemake/lib/python3.12/site-packages/snakemake/api.py", line 594, in execute_workflow
    workflow.execute(
  File "/home/lucianhu/micromamba/envs/rna_snakemake/lib/python3.12/site-packages/snakemake/workflow.py", line 1248, in execute
    raise e
  File "/home/lucianhu/micromamba/envs/rna_snakemake/lib/python3.12/site-packages/snakemake/workflow.py", line 1244, in execute
    success = self.scheduler.schedule()
              ^^^^^^^^^^^^^^^^^^^^^^^^^
  File "/home/lucianhu/micromamba/envs/rna_snakemake/lib/python3.12/site-packages/snakemake/scheduler.py", line 313, in schedule
    self.run(
  File "/home/lucianhu/micromamba/envs/rna_snakemake/lib/python3.12/site-packages/snakemake/scheduler.py", line 406, in run
    executor.run_jobs(jobs)
  File "/home/lucianhu/micromamba/envs/rna_snakemake/lib/python3.12/site-packages/snakemake_interface_executor_plugins/executors/base.py", line 71, in run_jobs
    self.run_job_pre(job)
  File "/home/lucianhu/micromamba/envs/rna_snakemake/lib/python3.12/site-packages/snakemake_interface_executor_plugins/executors/base.py", line 86, in run_job_pre
    self.printjob(job)
  File "/home/lucianhu/micromamba/envs/rna_snakemake/lib/python3.12/site-packages/snakemake_interface_executor_plugins/executors/base.py", line 110, in printjob
    job.log_info()
  File "/home/lucianhu/micromamba/envs/rna_snakemake/lib/python3.12/site-packages/snakemake/jobs.py", line 1042, in log_info
    logger.shellcmd(self.shellcmd, indent=indent)
                    ^^^^^^^^^^^^^
  File "/home/lucianhu/micromamba/envs/rna_snakemake/lib/python3.12/site-packages/snakemake/jobs.py", line 601, in shellcmd
    self.format_wildcards(self.rule.shellcmd)
  File "/home/lucianhu/micromamba/envs/rna_snakemake/lib/python3.12/site-packages/snakemake/jobs.py", line 950, in format_wildcards
    raise RuleException(
snakemake.exceptions.RuleException: IndexError: list index out of range, when formatting the following:

        fq1={input.fq[0]}
        fq2=""
        if [ "{input.fq[1]:-}" != "" ]; then
            fq2={input.fq[1]}
        fi

        STAR --genomeDir {input.star_index}              --readFilesIn $fq1 $fq2              --runThreadN {threads}              --outFileNamePrefix results/align/{wildcards.sample}_              --sjdbGTFfile {input.gtf}              --outSAMattrRGline 'ID:{wildcards.sample}' 'SM:{wildcards.sample}'              --quantMode TranscriptomeSAM              --twopassMode Basic              --outSAMtype BAM Unsorted              --readFilesCommand zcat              --runRNGseed 0              --outFilterMultimapNmax 20              --alignSJDBoverhangMin 1              --outSAMattributes NH HI AS NM MD              --quantTranscriptomeBan Singleend              --outSAMstrandField intronMotif &> {log}

        # Check and move unmapped files if they exist
        if [ -f results/align/{wildcards.sample}.Unmapped.out.mate1 ]; then
            mv results/align/{wildcards.sample}.Unmapped.out.mate1 results/align/{wildcards.sample}.unmapped_1.fastq
            gzip results/align/{wildcards.sample}.unmapped_1.fastq
        fi
        if [ -f results/align/{wildcards.sample}.Unmapped.out.mate2 ]; then
            mv results/align/{wildcards.sample}.Unmapped.out.mate2 results/align/{wildcards.sample}.unmapped_2.fastq
            gzip results/align/{wildcards.sample}.unmapped_2.fastq
        fi
        

RuleException in rule align in file /home/lucianhu/rna_snakemake/test_ting/Snakefile, line 141:
IndexError: list index out of range, when formatting the following:

        fq1={input.fq[0]}
        fq2=""
        if [ "{input.fq[1]:-}" != "" ]; then
            fq2={input.fq[1]}
        fi

        STAR --genomeDir {input.star_index}              --readFilesIn $fq1 $fq2              --runThreadN {threads}              --outFileNamePrefix results/align/{wildcards.sample}_              --sjdbGTFfile {input.gtf}              --outSAMattrRGline 'ID:{wildcards.sample}' 'SM:{wildcards.sample}'              --quantMode TranscriptomeSAM              --twopassMode Basic              --outSAMtype BAM Unsorted              --readFilesCommand zcat              --runRNGseed 0              --outFilterMultimapNmax 20              --alignSJDBoverhangMin 1              --outSAMattributes NH HI AS NM MD              --quantTranscriptomeBan Singleend              --outSAMstrandField intronMotif &> {log}

        # Check and move unmapped files if they exist
        if [ -f results/align/{wildcards.sample}.Unmapped.out.mate1 ]; then
            mv results/align/{wildcards.sample}.Unmapped.out.mate1 results/align/{wildcards.sample}.unmapped_1.fastq
            gzip results/align/{wildcards.sample}.unmapped_1.fastq
        fi
        if [ -f results/align/{wildcards.sample}.Unmapped.out.mate2 ]; then
            mv results/align/{wildcards.sample}.Unmapped.out.mate2 results/align/{wildcards.sample}.unmapped_2.fastq
            gzip results/align/{wildcards.sample}.unmapped_2.fastq
        fi
        
