Building DAG of jobs...
Forcing incomplete files:
	results/align/bam_original/WT_REP2_control/WT_REP2_control.Aligned.out.bam
	results/align/bam_original/WT_REP2_control/WT_REP2_control.Aligned.toTranscriptome.out.bam
shared_storage_local_copies: True
remote_exec: False
Using shell: /usr/bin/bash
Provided cores: 24
Rules claiming more threads will be scaled down.
Conda environments: ignored
Job stats:
job                            count
---------------------------  -------
align_paired                       1
all                                1
picard_mark_duplicates             6
samtools_markdup_processing        6
samtools_process                   6
stringtie                          6
total                             26

Resources before job selection: {'_cores': 24, '_nodes': 9223372036854775807}
Ready jobs (6)
Select jobs to execute...
Selected jobs (3)
Resources after job selection: {'_cores': 0, '_nodes': 9223372036854775804}
Execute 3 jobs...

[Sun Aug 18 19:38:42 2024]
Job 17: RAP1_REP2_treatment: Sorting and indexing alignments
Reason: Updated input files: results/align/bam_original/RAP1_REP2_treatment/RAP1_REP2_treatment.Aligned.out.bam


[Sun Aug 18 19:38:42 2024]
Job 15: WT_REP3_control: Sorting and indexing alignments
Reason: Missing output files: results/align/bam_original/WT_REP3_control/WT_REP3_control.sorted.bam.stats, results/align/bam_original/WT_REP3_control/WT_REP3_control.sorted.bam; Updated input files: results/align/bam_original/WT_REP3_control/WT_REP3_control.Aligned.out.bam


[Sun Aug 18 19:38:42 2024]
Job 16: RAP1_REP1_treatment: Sorting and indexing alignments
Reason: Missing output files: results/align/bam_original/RAP1_REP1_treatment/RAP1_REP1_treatment.sorted.bam.stats, results/align/bam_original/RAP1_REP1_treatment/RAP1_REP1_treatment.sorted.bam; Updated input files: results/align/bam_original/RAP1_REP1_treatment/RAP1_REP1_treatment.Aligned.out.bam

Completion of job ['samtools_process'] reported to scheduler.
jobs registered as running before removal {samtools_process, samtools_process, samtools_process}
[Sun Aug 18 19:38:42 2024]
Finished job 17.
1 of 26 steps (4%) done
Resources before job selection: {'_cores': 8, '_nodes': 9223372036854775805}
Ready jobs (4)
Select jobs to execute...
Selected jobs (1)
Resources after job selection: {'_cores': 0, '_nodes': 9223372036854775804}
Execute 1 jobs...

[Sun Aug 18 19:38:42 2024]
Job 18: RAP1_REP3_treatment: Sorting and indexing alignments
Reason: Missing output files: results/align/bam_original/RAP1_REP3_treatment/RAP1_REP3_treatment.sorted.bam, results/align/bam_original/RAP1_REP3_treatment/RAP1_REP3_treatment.sorted.bam.stats; Updated input files: results/align/bam_original/RAP1_REP3_treatment/RAP1_REP3_treatment.Aligned.out.bam

Completion of job ['samtools_process'] reported to scheduler.
jobs registered as running before removal {samtools_process, samtools_process, samtools_process}
[Sun Aug 18 19:38:42 2024]
Finished job 16.
2 of 26 steps (8%) done
Resources before job selection: {'_cores': 8, '_nodes': 9223372036854775805}
Ready jobs (4)
Select jobs to execute...
Selected jobs (1)
Resources after job selection: {'_cores': 0, '_nodes': 9223372036854775804}
Execute 1 jobs...

[Sun Aug 18 19:38:42 2024]
Job 13: WT_REP1_control: Sorting and indexing alignments
Reason: Updated input files: results/align/bam_original/WT_REP1_control/WT_REP1_control.Aligned.out.bam

Completion of job ['samtools_process'] reported to scheduler.
jobs registered as running before removal {samtools_process, samtools_process, samtools_process}
[Sun Aug 18 19:38:42 2024]
Finished job 15.
3 of 26 steps (12%) done
Resources before job selection: {'_cores': 8, '_nodes': 9223372036854775805}
Ready jobs (4)
Select jobs to execute...
Selected jobs (0)
Resources after job selection: {'_cores': 8, '_nodes': 9223372036854775805}
Completion of job ['samtools_process'] reported to scheduler.
jobs registered as running before removal {samtools_process, samtools_process}
[Sun Aug 18 19:38:42 2024]
Finished job 18.
4 of 26 steps (15%) done
Resources before job selection: {'_cores': 16, '_nodes': 9223372036854775806}
Ready jobs (5)
Selected jobs (1)
Resources after job selection: {'_cores': 4, '_nodes': 9223372036854775805}
Execute 1 jobs...

[Sun Aug 18 19:38:42 2024]
Job 23: RAP1_REP2_treatment: Marking duplicate reads
Reason: Input files updated by another job: results/align/bam_original/RAP1_REP2_treatment/RAP1_REP2_treatment.sorted.bam

Completion of job ['samtools_process'] reported to scheduler.
jobs registered as running before removal {picard_mark_duplicates, samtools_process}
[Sun Aug 18 19:38:42 2024]
Finished job 13.
5 of 26 steps (19%) done
Resources before job selection: {'_cores': 12, '_nodes': 9223372036854775806}
Ready jobs (5)
Select jobs to execute...
Selected jobs (1)
Resources after job selection: {'_cores': 0, '_nodes': 9223372036854775805}
Execute 1 jobs...

[Sun Aug 18 19:38:42 2024]
Job 19: WT_REP1_control: Marking duplicate reads
Reason: Input files updated by another job: results/align/bam_original/WT_REP1_control/WT_REP1_control.sorted.bam

Completion of job ['picard_mark_duplicates'] reported to scheduler.
jobs registered as running before removal {picard_mark_duplicates, picard_mark_duplicates}
[Sun Aug 18 19:38:43 2024]
Finished job 23.
6 of 26 steps (23%) done
Resources before job selection: {'_cores': 12, '_nodes': 9223372036854775806}
Ready jobs (6)
Select jobs to execute...
Selected jobs (1)
Resources after job selection: {'_cores': 0, '_nodes': 9223372036854775805}
Execute 1 jobs...

[Sun Aug 18 19:38:43 2024]
Job 22: RAP1_REP1_treatment: Marking duplicate reads
Reason: Input files updated by another job: results/align/bam_original/RAP1_REP1_treatment/RAP1_REP1_treatment.sorted.bam

Completion of job ['picard_mark_duplicates'] reported to scheduler.
jobs registered as running before removal {picard_mark_duplicates, picard_mark_duplicates}
[Sun Aug 18 19:38:44 2024]
Finished job 19.
7 of 26 steps (27%) done
Resources before job selection: {'_cores': 12, '_nodes': 9223372036854775806}
Ready jobs (7)
Select jobs to execute...
Selected jobs (1)
Resources after job selection: {'_cores': 0, '_nodes': 9223372036854775805}
Execute 1 jobs...

[Sun Aug 18 19:38:44 2024]
Job 24: RAP1_REP3_treatment: Marking duplicate reads
Reason: Input files updated by another job: results/align/bam_original/RAP1_REP3_treatment/RAP1_REP3_treatment.sorted.bam

Completion of job ['picard_mark_duplicates'] reported to scheduler.
jobs registered as running before removal {picard_mark_duplicates, picard_mark_duplicates}
[Sun Aug 18 19:38:45 2024]
Finished job 22.
8 of 26 steps (31%) done
Resources before job selection: {'_cores': 12, '_nodes': 9223372036854775806}
Ready jobs (8)
Select jobs to execute...
Selected jobs (2)
Resources after job selection: {'_cores': 0, '_nodes': 9223372036854775804}
Execute 2 jobs...

[Sun Aug 18 19:38:45 2024]
Job 35: RAP1_REP2_treatment: Running Stringtie to assemble and quantify transcripts
Reason: Missing output files: results/stringtie/RAP1_REP2_treatment/RAP1_REP2_treatment.transcripts.gtf; Input files updated by another job: results/align/bam_markup/RAP1_REP2_treatment/RAP1_REP2_treatment.markdup.sorted.bam


[Sun Aug 18 19:38:45 2024]
Job 31: WT_REP1_control: Running Stringtie to assemble and quantify transcripts
Reason: Missing output files: results/stringtie/WT_REP1_control/WT_REP1_control.transcripts.gtf; Input files updated by another job: results/align/bam_markup/WT_REP1_control/WT_REP1_control.markdup.sorted.bam

Full Traceback (most recent call last):
  File "/home/lucianhu/micromamba/envs/rna_snakemake/lib/python3.12/site-packages/snakemake/executors/local.py", line 423, in run_wrapper
    run(
  File "/home/lucianhu/rna_snakemake/test_ting/Snakefile", line 747, in __rule_stringtie
  File "/home/lucianhu/micromamba/envs/rna_snakemake/lib/python3.12/site-packages/snakemake/shell.py", line 357, in __new__
    raise sp.CalledProcessError(retcode, cmd)
subprocess.CalledProcessError: Command 'set -euo pipefail;  
        stringtie results/align/bam_markup/RAP1_REP2_treatment/RAP1_REP2_treatment.markdup.sorted.bam                   --rf                   -G resources/annotation.gtf                   -o results/stringtie/RAP1_REP2_treatment/RAP1_REP2_treatment.transcripts.gtf                   -A results/stringtie/RAP1_REP2_treatment/RAP1_REP2_treatment.gene.abundance.txt                   -C results/stringtie/RAP1_REP2_treatment/RAP1_REP2_treatment.coverage.gtf                   -b results/stringtie/RAP1_REP2_treatment/RAP1_REP2_treatment.ballgown                   -p 6                   -v                   -e &> logs/stringtie/RAP1_REP2_treatment.stringtie.log' returned non-zero exit status 127.

Full Traceback (most recent call last):
  File "/home/lucianhu/micromamba/envs/rna_snakemake/lib/python3.12/site-packages/snakemake/executors/local.py", line 423, in run_wrapper
    run(
  File "/home/lucianhu/rna_snakemake/test_ting/Snakefile", line 747, in __rule_stringtie
  File "/home/lucianhu/micromamba/envs/rna_snakemake/lib/python3.12/site-packages/snakemake/shell.py", line 357, in __new__
    raise sp.CalledProcessError(retcode, cmd)
subprocess.CalledProcessError: Command 'set -euo pipefail;  
        stringtie results/align/bam_markup/WT_REP1_control/WT_REP1_control.markdup.sorted.bam                   --rf                   -G resources/annotation.gtf                   -o results/stringtie/WT_REP1_control/WT_REP1_control.transcripts.gtf                   -A results/stringtie/WT_REP1_control/WT_REP1_control.gene.abundance.txt                   -C results/stringtie/WT_REP1_control/WT_REP1_control.coverage.gtf                   -b results/stringtie/WT_REP1_control/WT_REP1_control.ballgown                   -p 6                   -v                   -e &> logs/stringtie/WT_REP1_control.stringtie.log' returned non-zero exit status 127.

Full Traceback (most recent call last):
  File "/home/lucianhu/micromamba/envs/rna_snakemake/lib/python3.12/site-packages/snakemake/executors/local.py", line 423, in run_wrapper
    run(
  File "/home/lucianhu/rna_snakemake/test_ting/Snakefile", line 747, in __rule_stringtie
  File "/home/lucianhu/micromamba/envs/rna_snakemake/lib/python3.12/site-packages/snakemake/shell.py", line 357, in __new__
    raise sp.CalledProcessError(retcode, cmd)
subprocess.CalledProcessError: Command 'set -euo pipefail;  
        stringtie results/align/bam_markup/RAP1_REP2_treatment/RAP1_REP2_treatment.markdup.sorted.bam                   --rf                   -G resources/annotation.gtf                   -o results/stringtie/RAP1_REP2_treatment/RAP1_REP2_treatment.transcripts.gtf                   -A results/stringtie/RAP1_REP2_treatment/RAP1_REP2_treatment.gene.abundance.txt                   -C results/stringtie/RAP1_REP2_treatment/RAP1_REP2_treatment.coverage.gtf                   -b results/stringtie/RAP1_REP2_treatment/RAP1_REP2_treatment.ballgown                   -p 6                   -v                   -e &> logs/stringtie/RAP1_REP2_treatment.stringtie.log' returned non-zero exit status 127.

During handling of the above exception, another exception occurred:

Traceback (most recent call last):
  File "/home/lucianhu/micromamba/envs/rna_snakemake/lib/python3.12/site-packages/snakemake/executors/local.py", line 261, in _callback
    raise ex
  File "/home/lucianhu/micromamba/envs/rna_snakemake/lib/python3.12/concurrent/futures/thread.py", line 58, in run
    result = self.fn(*self.args, **self.kwargs)
             ^^^^^^^^^^^^^^^^^^^^^^^^^^^^^^^^^^
  File "/home/lucianhu/micromamba/envs/rna_snakemake/lib/python3.12/site-packages/snakemake/executors/local.py", line 247, in cached_or_run
    run_func(*args)
  File "/home/lucianhu/micromamba/envs/rna_snakemake/lib/python3.12/site-packages/snakemake/executors/local.py", line 459, in run_wrapper
    raise RuleException(
snakemake.exceptions.RuleException: CalledProcessError in file /home/lucianhu/rna_snakemake/test_ting/Snakefile, line 379:
Command 'set -euo pipefail;  
        stringtie results/align/bam_markup/RAP1_REP2_treatment/RAP1_REP2_treatment.markdup.sorted.bam                   --rf                   -G resources/annotation.gtf                   -o results/stringtie/RAP1_REP2_treatment/RAP1_REP2_treatment.transcripts.gtf                   -A results/stringtie/RAP1_REP2_treatment/RAP1_REP2_treatment.gene.abundance.txt                   -C results/stringtie/RAP1_REP2_treatment/RAP1_REP2_treatment.coverage.gtf                   -b results/stringtie/RAP1_REP2_treatment/RAP1_REP2_treatment.ballgown                   -p 6                   -v                   -e &> logs/stringtie/RAP1_REP2_treatment.stringtie.log' returned non-zero exit status 127.

Full Traceback (most recent call last):
  File "/home/lucianhu/micromamba/envs/rna_snakemake/lib/python3.12/site-packages/snakemake/executors/local.py", line 423, in run_wrapper
    run(
  File "/home/lucianhu/rna_snakemake/test_ting/Snakefile", line 747, in __rule_stringtie
  File "/home/lucianhu/micromamba/envs/rna_snakemake/lib/python3.12/site-packages/snakemake/shell.py", line 357, in __new__
    raise sp.CalledProcessError(retcode, cmd)
subprocess.CalledProcessError: Command 'set -euo pipefail;  
        stringtie results/align/bam_markup/WT_REP1_control/WT_REP1_control.markdup.sorted.bam                   --rf                   -G resources/annotation.gtf                   -o results/stringtie/WT_REP1_control/WT_REP1_control.transcripts.gtf                   -A results/stringtie/WT_REP1_control/WT_REP1_control.gene.abundance.txt                   -C results/stringtie/WT_REP1_control/WT_REP1_control.coverage.gtf                   -b results/stringtie/WT_REP1_control/WT_REP1_control.ballgown                   -p 6                   -v                   -e &> logs/stringtie/WT_REP1_control.stringtie.log' returned non-zero exit status 127.

During handling of the above exception, another exception occurred:

Traceback (most recent call last):
  File "/home/lucianhu/micromamba/envs/rna_snakemake/lib/python3.12/site-packages/snakemake/executors/local.py", line 261, in _callback
    raise ex
  File "/home/lucianhu/micromamba/envs/rna_snakemake/lib/python3.12/concurrent/futures/thread.py", line 58, in run
    result = self.fn(*self.args, **self.kwargs)
             ^^^^^^^^^^^^^^^^^^^^^^^^^^^^^^^^^^
  File "/home/lucianhu/micromamba/envs/rna_snakemake/lib/python3.12/site-packages/snakemake/executors/local.py", line 247, in cached_or_run
    run_func(*args)
  File "/home/lucianhu/micromamba/envs/rna_snakemake/lib/python3.12/site-packages/snakemake/executors/local.py", line 459, in run_wrapper
    raise RuleException(
snakemake.exceptions.RuleException: CalledProcessError in file /home/lucianhu/rna_snakemake/test_ting/Snakefile, line 379:
Command 'set -euo pipefail;  
        stringtie results/align/bam_markup/WT_REP1_control/WT_REP1_control.markdup.sorted.bam                   --rf                   -G resources/annotation.gtf                   -o results/stringtie/WT_REP1_control/WT_REP1_control.transcripts.gtf                   -A results/stringtie/WT_REP1_control/WT_REP1_control.gene.abundance.txt                   -C results/stringtie/WT_REP1_control/WT_REP1_control.coverage.gtf                   -b results/stringtie/WT_REP1_control/WT_REP1_control.ballgown                   -p 6                   -v                   -e &> logs/stringtie/WT_REP1_control.stringtie.log' returned non-zero exit status 127.

RuleException:
CalledProcessError in file /home/lucianhu/rna_snakemake/test_ting/Snakefile, line 379:
Command 'set -euo pipefail;  
        stringtie results/align/bam_markup/RAP1_REP2_treatment/RAP1_REP2_treatment.markdup.sorted.bam                   --rf                   -G resources/annotation.gtf                   -o results/stringtie/RAP1_REP2_treatment/RAP1_REP2_treatment.transcripts.gtf                   -A results/stringtie/RAP1_REP2_treatment/RAP1_REP2_treatment.gene.abundance.txt                   -C results/stringtie/RAP1_REP2_treatment/RAP1_REP2_treatment.coverage.gtf                   -b results/stringtie/RAP1_REP2_treatment/RAP1_REP2_treatment.ballgown                   -p 6                   -v                   -e &> logs/stringtie/RAP1_REP2_treatment.stringtie.log' returned non-zero exit status 127.
[Sun Aug 18 19:38:45 2024]
Error in rule stringtie:
    jobid: 35
    input: results/align/bam_markup/RAP1_REP2_treatment/RAP1_REP2_treatment.markdup.sorted.bam, resources/annotation.gtf
    output: results/stringtie/RAP1_REP2_treatment/RAP1_REP2_treatment.transcripts.gtf, results/stringtie/RAP1_REP2_treatment/RAP1_REP2_treatment.gene.abundance.txt, results/stringtie/RAP1_REP2_treatment/RAP1_REP2_treatment.coverage.gtf, results/stringtie/RAP1_REP2_treatment/RAP1_REP2_treatment.ballgown
    log: logs/stringtie/RAP1_REP2_treatment.stringtie.log (check log file(s) for error details)
    conda-env: /home/lucianhu/rna_snakemake/test_ting/.snakemake/conda/c5aa9c6478b88eb8815e34b057a49de2_
    shell:
        
        stringtie results/align/bam_markup/RAP1_REP2_treatment/RAP1_REP2_treatment.markdup.sorted.bam                   --rf                   -G resources/annotation.gtf                   -o results/stringtie/RAP1_REP2_treatment/RAP1_REP2_treatment.transcripts.gtf                   -A results/stringtie/RAP1_REP2_treatment/RAP1_REP2_treatment.gene.abundance.txt                   -C results/stringtie/RAP1_REP2_treatment/RAP1_REP2_treatment.coverage.gtf                   -b results/stringtie/RAP1_REP2_treatment/RAP1_REP2_treatment.ballgown                   -p 6                   -v                   -e &> logs/stringtie/RAP1_REP2_treatment.stringtie.log
        
        (one of the commands exited with non-zero exit code; note that snakemake uses bash strict mode!)

RuleException:
CalledProcessError in file /home/lucianhu/rna_snakemake/test_ting/Snakefile, line 379:
Command 'set -euo pipefail;  
        stringtie results/align/bam_markup/WT_REP1_control/WT_REP1_control.markdup.sorted.bam                   --rf                   -G resources/annotation.gtf                   -o results/stringtie/WT_REP1_control/WT_REP1_control.transcripts.gtf                   -A results/stringtie/WT_REP1_control/WT_REP1_control.gene.abundance.txt                   -C results/stringtie/WT_REP1_control/WT_REP1_control.coverage.gtf                   -b results/stringtie/WT_REP1_control/WT_REP1_control.ballgown                   -p 6                   -v                   -e &> logs/stringtie/WT_REP1_control.stringtie.log' returned non-zero exit status 127.
[Sun Aug 18 19:38:45 2024]
Error in rule stringtie:
    jobid: 31
    input: results/align/bam_markup/WT_REP1_control/WT_REP1_control.markdup.sorted.bam, resources/annotation.gtf
    output: results/stringtie/WT_REP1_control/WT_REP1_control.transcripts.gtf, results/stringtie/WT_REP1_control/WT_REP1_control.gene.abundance.txt, results/stringtie/WT_REP1_control/WT_REP1_control.coverage.gtf, results/stringtie/WT_REP1_control/WT_REP1_control.ballgown
    log: logs/stringtie/WT_REP1_control.stringtie.log (check log file(s) for error details)
    conda-env: /home/lucianhu/rna_snakemake/test_ting/.snakemake/conda/c5aa9c6478b88eb8815e34b057a49de2_
    shell:
        
        stringtie results/align/bam_markup/WT_REP1_control/WT_REP1_control.markdup.sorted.bam                   --rf                   -G resources/annotation.gtf                   -o results/stringtie/WT_REP1_control/WT_REP1_control.transcripts.gtf                   -A results/stringtie/WT_REP1_control/WT_REP1_control.gene.abundance.txt                   -C results/stringtie/WT_REP1_control/WT_REP1_control.coverage.gtf                   -b results/stringtie/WT_REP1_control/WT_REP1_control.ballgown                   -p 6                   -v                   -e &> logs/stringtie/WT_REP1_control.stringtie.log
        
        (one of the commands exited with non-zero exit code; note that snakemake uses bash strict mode!)

Completion of job ['picard_mark_duplicates'] reported to scheduler.
jobs registered as running before removal {picard_mark_duplicates}
[Sun Aug 18 19:38:45 2024]
Finished job 24.
9 of 26 steps (35%) done
Shutting down, this might take some time.
Exiting because a job execution failed. Look above for error message
Complete log: .snakemake/log/2024-08-18T193842.296833.snakemake.log
unlocking
removing lock
removing lock
removed all locks
Full Traceback (most recent call last):
  File "/home/lucianhu/micromamba/envs/rna_snakemake/lib/python3.12/site-packages/snakemake/cli.py", line 2103, in args_to_api
    dag_api.execute_workflow(
  File "/home/lucianhu/micromamba/envs/rna_snakemake/lib/python3.12/site-packages/snakemake/api.py", line 594, in execute_workflow
    workflow.execute(
  File "/home/lucianhu/micromamba/envs/rna_snakemake/lib/python3.12/site-packages/snakemake/workflow.py", line 1286, in execute
    raise WorkflowError("At least one job did not complete successfully.")
snakemake_interface_common.exceptions.WorkflowError: At least one job did not complete successfully.

WorkflowError:
At least one job did not complete successfully.
