Building DAG of jobs...
Full Traceback (most recent call last):
  File "/home/lucianhu/micromamba/envs/rna_snakemake/lib/python3.12/site-packages/snakemake/rules.py", line 636, in apply_func
    value = func(wildcards_arg, **_aux_params)
            ^^^^^^^^^^^^^^^^^^^^^^^^^^^^^^^^^^
  File "/home/lucianhu/rna_snakemake/test_ting/Snakefile", line 93, in <lambda>
AttributeError: 'builtin_function_or_method' object has no attribute 'reads'

During handling of the above exception, another exception occurred:

Traceback (most recent call last):
  File "/home/lucianhu/micromamba/envs/rna_snakemake/lib/python3.12/site-packages/snakemake/cli.py", line 2103, in args_to_api
    dag_api.execute_workflow(
  File "/home/lucianhu/micromamba/envs/rna_snakemake/lib/python3.12/site-packages/snakemake/api.py", line 594, in execute_workflow
    workflow.execute(
  File "/home/lucianhu/micromamba/envs/rna_snakemake/lib/python3.12/site-packages/snakemake/workflow.py", line 1081, in execute
    self._build_dag()
  File "/home/lucianhu/micromamba/envs/rna_snakemake/lib/python3.12/site-packages/snakemake/workflow.py", line 1037, in _build_dag
    async_run(self.dag.init())
  File "/home/lucianhu/micromamba/envs/rna_snakemake/lib/python3.12/site-packages/snakemake/common/__init__.py", line 94, in async_run
    return asyncio.run(coroutine)
           ^^^^^^^^^^^^^^^^^^^^^^
  File "/home/lucianhu/micromamba/envs/rna_snakemake/lib/python3.12/asyncio/runners.py", line 194, in run
    return runner.run(main)
           ^^^^^^^^^^^^^^^^
  File "/home/lucianhu/micromamba/envs/rna_snakemake/lib/python3.12/asyncio/runners.py", line 118, in run
    return self._loop.run_until_complete(task)
           ^^^^^^^^^^^^^^^^^^^^^^^^^^^^^^^^^^^
  File "/home/lucianhu/micromamba/envs/rna_snakemake/lib/python3.12/asyncio/base_events.py", line 687, in run_until_complete
    return future.result()
           ^^^^^^^^^^^^^^^
  File "/home/lucianhu/micromamba/envs/rna_snakemake/lib/python3.12/site-packages/snakemake/dag.py", line 210, in init
    self.update_conda_envs()
  File "/home/lucianhu/micromamba/envs/rna_snakemake/lib/python3.12/site-packages/snakemake/dag.py", line 318, in update_conda_envs
    if job.conda_env_spec
       ^^^^^^^^^^^^^^^^^^
  File "/home/lucianhu/micromamba/envs/rna_snakemake/lib/python3.12/site-packages/snakemake/jobs.py", line 502, in conda_env_spec
    self.wildcards_dict, self.params, self.input
                         ^^^^^^^^^^^
  File "/home/lucianhu/micromamba/envs/rna_snakemake/lib/python3.12/site-packages/snakemake/jobs.py", line 418, in params
    self._params = self.rule.expand_params(
                   ^^^^^^^^^^^^^^^^^^^^^^^^
  File "/home/lucianhu/micromamba/envs/rna_snakemake/lib/python3.12/site-packages/snakemake/rules.py", line 863, in expand_params
    self._apply_wildcards(
  File "/home/lucianhu/micromamba/envs/rna_snakemake/lib/python3.12/site-packages/snakemake/rules.py", line 707, in _apply_wildcards
    item, incomplete = self.apply_input_function(
                       ^^^^^^^^^^^^^^^^^^^^^^^^^^
  File "/home/lucianhu/micromamba/envs/rna_snakemake/lib/python3.12/site-packages/snakemake/rules.py", line 665, in apply_input_function
    res, incomplete = apply_func(res)
                      ^^^^^^^^^^^^^^^
  File "/home/lucianhu/micromamba/envs/rna_snakemake/lib/python3.12/site-packages/snakemake/rules.py", line 659, in apply_func
    raise InputFunctionException(e, rule=self, wildcards=wildcards)
snakemake.exceptions.InputFunctionException: Error:
  AttributeError: 'builtin_function_or_method' object has no attribute 'reads'
Wildcards:
  sample=WT
Traceback:
  File "/home/lucianhu/rna_snakemake/test_ting/Snakefile", line 51, in <lambda> (rule trim_galore, line 69, /home/lucianhu/rna_snakemake/test_ting/Snakefile)

InputFunctionException in rule trim_galore in file /home/lucianhu/rna_snakemake/test_ting/Snakefile, line 37:
Error:
  AttributeError: 'builtin_function_or_method' object has no attribute 'reads'
Wildcards:
  sample=WT
Traceback:
  File "/home/lucianhu/rna_snakemake/test_ting/Snakefile", line 51, in <lambda> (rule trim_galore, line 69, /home/lucianhu/rna_snakemake/test_ting/Snakefile)
