Building DAG of jobs...
shared_storage_local_copies: True
remote_exec: False
Using shell: /usr/bin/bash
Provided cores: 24
Rules claiming more threads will be scaled down.
Conda environments: ignored
Job stats:
job                   count
------------------  -------
all                       1
star_align                6
trim_galore_paired        3
trim_galore_single        3
total                    13

Resources before job selection: {'_cores': 24, '_nodes': 9223372036854775807}
Ready jobs (6)
Select jobs to execute...
Selected jobs (3)
Resources after job selection: {'_cores': 0, '_nodes': 9223372036854775804}
Execute 3 jobs...

[Wed Aug 14 13:01:56 2024]
localrule trim_galore_single:
    input: /home/lucianhu/rna_snakemake/rna_snakemake/test-datasets/testdata/SRR6357075_1.fastq.gz
    output: results/trimmed/RAP1_REP3_treatment, results/trimmed/RAP1_REP3_treatment_trimmed_R1.fq.gz
    log: logs/trim_galore/RAP1_REP3_treatment.trimmed.log
    jobid: 3
    reason: Missing output files: results/trimmed/RAP1_REP3_treatment_trimmed_R1.fq.gz; Code has changed since last execution
    wildcards: sample=RAP1_REP3_treatment
    threads: 8
    resources: tmpdir=/tmp

unlocking
removing lock
removing lock
removed all locks
Full Traceback (most recent call last):
  File "/home/lucianhu/micromamba/envs/rna_snakemake/lib/python3.12/site-packages/snakemake/jobs.py", line 948, in format_wildcards
    return format(string, **_variables)
           ^^^^^^^^^^^^^^^^^^^^^^^^^^^^
  File "/home/lucianhu/micromamba/envs/rna_snakemake/lib/python3.12/site-packages/snakemake/utils.py", line 427, in format
    return fmt.format(_pattern, *args, **variables)
           ^^^^^^^^^^^^^^^^^^^^^^^^^^^^^^^^^^^^^^^^
  File "/home/lucianhu/micromamba/envs/rna_snakemake/lib/python3.12/string.py", line 190, in format
    return self.vformat(format_string, args, kwargs)
           ^^^^^^^^^^^^^^^^^^^^^^^^^^^^^^^^^^^^^^^^^
  File "/home/lucianhu/micromamba/envs/rna_snakemake/lib/python3.12/string.py", line 194, in vformat
    result, _ = self._vformat(format_string, args, kwargs, used_args, 2)
                ^^^^^^^^^^^^^^^^^^^^^^^^^^^^^^^^^^^^^^^^^^^^^^^^^^^^^^^^
  File "/home/lucianhu/micromamba/envs/rna_snakemake/lib/python3.12/string.py", line 234, in _vformat
    obj, arg_used = self.get_field(field_name, args, kwargs)
                    ^^^^^^^^^^^^^^^^^^^^^^^^^^^^^^^^^^^^^^^^
  File "/home/lucianhu/micromamba/envs/rna_snakemake/lib/python3.12/string.py", line 305, in get_field
    obj = getattr(obj, i)
          ^^^^^^^^^^^^^^^
AttributeError: 'InputFiles' object has no attribute 'fq1'

During handling of the above exception, another exception occurred:

Traceback (most recent call last):
  File "/home/lucianhu/micromamba/envs/rna_snakemake/lib/python3.12/site-packages/snakemake/cli.py", line 2103, in args_to_api
    dag_api.execute_workflow(
  File "/home/lucianhu/micromamba/envs/rna_snakemake/lib/python3.12/site-packages/snakemake/api.py", line 594, in execute_workflow
    workflow.execute(
  File "/home/lucianhu/micromamba/envs/rna_snakemake/lib/python3.12/site-packages/snakemake/workflow.py", line 1248, in execute
    raise e
  File "/home/lucianhu/micromamba/envs/rna_snakemake/lib/python3.12/site-packages/snakemake/workflow.py", line 1244, in execute
    success = self.scheduler.schedule()
              ^^^^^^^^^^^^^^^^^^^^^^^^^
  File "/home/lucianhu/micromamba/envs/rna_snakemake/lib/python3.12/site-packages/snakemake/scheduler.py", line 313, in schedule
    self.run(
  File "/home/lucianhu/micromamba/envs/rna_snakemake/lib/python3.12/site-packages/snakemake/scheduler.py", line 406, in run
    executor.run_jobs(jobs)
  File "/home/lucianhu/micromamba/envs/rna_snakemake/lib/python3.12/site-packages/snakemake_interface_executor_plugins/executors/base.py", line 71, in run_jobs
    self.run_job_pre(job)
  File "/home/lucianhu/micromamba/envs/rna_snakemake/lib/python3.12/site-packages/snakemake_interface_executor_plugins/executors/base.py", line 86, in run_job_pre
    self.printjob(job)
  File "/home/lucianhu/micromamba/envs/rna_snakemake/lib/python3.12/site-packages/snakemake_interface_executor_plugins/executors/base.py", line 110, in printjob
    job.log_info()
  File "/home/lucianhu/micromamba/envs/rna_snakemake/lib/python3.12/site-packages/snakemake/jobs.py", line 1042, in log_info
    logger.shellcmd(self.shellcmd, indent=indent)
                    ^^^^^^^^^^^^^
  File "/home/lucianhu/micromamba/envs/rna_snakemake/lib/python3.12/site-packages/snakemake/jobs.py", line 601, in shellcmd
    self.format_wildcards(self.rule.shellcmd)
  File "/home/lucianhu/micromamba/envs/rna_snakemake/lib/python3.12/site-packages/snakemake/jobs.py", line 950, in format_wildcards
    raise RuleException(
snakemake.exceptions.RuleException: AttributeError: 'InputFiles' object has no attribute 'fq1', when formatting the following:

        mkdir -p {output.trimmed_dir}
        trim_galore {params.extra} --cores {threads}             --gzip             --output_dir {output.trimmed_dir}             {input.fq1}             2> {log}
        mv {output.trimmed_dir}/*_trimmed.fq.gz {output.fq1}
        

RuleException in rule trim_galore_single in file /home/lucianhu/rna_snakemake/test_ting/Snakefile, line 116:
AttributeError: 'InputFiles' object has no attribute 'fq1', when formatting the following:

        mkdir -p {output.trimmed_dir}
        trim_galore {params.extra} --cores {threads}             --gzip             --output_dir {output.trimmed_dir}             {input.fq1}             2> {log}
        mv {output.trimmed_dir}/*_trimmed.fq.gz {output.fq1}
        
