Building DAG of jobs...
shared_storage_local_copies: True
remote_exec: False
Using shell: /usr/bin/bash
Provided cores: 24
Rules claiming more threads will be scaled down.
Conda environments: ignored
Job stats:
job            count
-----------  -------
all                1
trim_galore        6
total              7

Resources before job selection: {'_cores': 24, '_nodes': 9223372036854775807}
Ready jobs (6)
Select jobs to execute...
Selected jobs (3)
Resources after job selection: {'_cores': 0, '_nodes': 9223372036854775804}
Execute 3 jobs...

[Tue Aug 13 23:59:16 2024]
localrule trim_galore:
    input: /home/lucianhu/rna_snakemake/rna_snakemake/test-datasets/testdata/SRR6357073_1.fastq.gz
    output: results/trimmed/RAP1_REP1_treatment_R1_trimmed.fq.gz, results/trimmed/RAP1_REP1_treatment_R2_trimmed.fq.gz, results/trimmed/RAP1_REP1_treatment
    log: logs/trim_galore/RAP1_REP1_treatment.trimmed.log
    jobid: 4
    reason: Missing output files: results/trimmed/RAP1_REP1_treatment; Code has changed since last execution
    wildcards: sample=RAP1_REP1_treatment
    threads: 8
    resources: tmpdir=/tmp


[Tue Aug 13 23:59:16 2024]
localrule trim_galore:
    input: /home/lucianhu/rna_snakemake/rna_snakemake/test-datasets/testdata/SRR6357075_1.fastq.gz
    output: results/trimmed/RAP1_REP3_treatment_R1_trimmed.fq.gz, results/trimmed/RAP1_REP3_treatment_R2_trimmed.fq.gz, results/trimmed/RAP1_REP3_treatment
    log: logs/trim_galore/RAP1_REP3_treatment.trimmed.log
    jobid: 6
    reason: Missing output files: results/trimmed/RAP1_REP3_treatment; Code has changed since last execution
    wildcards: sample=RAP1_REP3_treatment
    threads: 8
    resources: tmpdir=/tmp


[Tue Aug 13 23:59:16 2024]
localrule trim_galore:
    input: /home/lucianhu/rna_snakemake/rna_snakemake/test-datasets/testdata/SRR6357074_1.fastq.gz
    output: results/trimmed/RAP1_REP2_treatment_R1_trimmed.fq.gz, results/trimmed/RAP1_REP2_treatment_R2_trimmed.fq.gz, results/trimmed/RAP1_REP2_treatment
    log: logs/trim_galore/RAP1_REP2_treatment.trimmed.log
    jobid: 5
    reason: Missing output files: results/trimmed/RAP1_REP2_treatment; Code has changed since last execution
    wildcards: sample=RAP1_REP2_treatment
    threads: 8
    resources: tmpdir=/tmp

Full Traceback (most recent call last):
  File "/home/lucianhu/micromamba/envs/rna_snakemake/lib/python3.12/site-packages/snakemake/executors/local.py", line 423, in run_wrapper
    run(
  File "/home/lucianhu/rna_snakemake/test_ting/Snakefile", line 132, in __rule_trim_galore
  File "/home/lucianhu/micromamba/envs/rna_snakemake/lib/python3.12/site-packages/snakemake/shell.py", line 357, in __new__
    raise sp.CalledProcessError(retcode, cmd)
subprocess.CalledProcessError: Command 'set -euo pipefail;  
        mkdir -p results/trimmed/RAP1_REP3_treatment
        
        if [ "" == "[]" ]; then
            # Single-end reads
            trim_galore --fastqc_args '-t 12' --cores 8                 --gzip                 --output_dir results/trimmed/RAP1_REP3_treatment                 /home/lucianhu/rna_snakemake/rna_snakemake/test-datasets/testdata/SRR6357075_1.fastq.gz                 2> logs/trim_galore/RAP1_REP3_treatment.trimmed.log
            mv results/trimmed/RAP1_REP3_treatment/*_trimmed.fq.gz results/trimmed/RAP1_REP3_treatment_R1_trimmed.fq.gz
            touch results/trimmed/RAP1_REP3_treatment_R2_trimmed.fq.gz
        else
            # Paired-end reads
            trim_galore --fastqc_args '-t 12' --cores 8                 --paired                 --gzip                 --output_dir results/trimmed/RAP1_REP3_treatment                 /home/lucianhu/rna_snakemake/rna_snakemake/test-datasets/testdata/SRR6357075_1.fastq.gz                  2> logs/trim_galore/RAP1_REP3_treatment.trimmed.log
            mv results/trimmed/RAP1_REP3_treatment/*_val_1.fq.gz results/trimmed/RAP1_REP3_treatment_R1_trimmed.fq.gz
            mv results/trimmed/RAP1_REP3_treatment/*_val_2.fq.gz results/trimmed/RAP1_REP3_treatment_R2_trimmed.fq.gz
        fi' returned non-zero exit status 25.

Full Traceback (most recent call last):
  File "/home/lucianhu/micromamba/envs/rna_snakemake/lib/python3.12/site-packages/snakemake/executors/local.py", line 423, in run_wrapper
    run(
  File "/home/lucianhu/rna_snakemake/test_ting/Snakefile", line 132, in __rule_trim_galore
  File "/home/lucianhu/micromamba/envs/rna_snakemake/lib/python3.12/site-packages/snakemake/shell.py", line 357, in __new__
    raise sp.CalledProcessError(retcode, cmd)
subprocess.CalledProcessError: Command 'set -euo pipefail;  
        mkdir -p results/trimmed/RAP1_REP3_treatment
        
        if [ "" == "[]" ]; then
            # Single-end reads
            trim_galore --fastqc_args '-t 12' --cores 8                 --gzip                 --output_dir results/trimmed/RAP1_REP3_treatment                 /home/lucianhu/rna_snakemake/rna_snakemake/test-datasets/testdata/SRR6357075_1.fastq.gz                 2> logs/trim_galore/RAP1_REP3_treatment.trimmed.log
            mv results/trimmed/RAP1_REP3_treatment/*_trimmed.fq.gz results/trimmed/RAP1_REP3_treatment_R1_trimmed.fq.gz
            touch results/trimmed/RAP1_REP3_treatment_R2_trimmed.fq.gz
        else
            # Paired-end reads
            trim_galore --fastqc_args '-t 12' --cores 8                 --paired                 --gzip                 --output_dir results/trimmed/RAP1_REP3_treatment                 /home/lucianhu/rna_snakemake/rna_snakemake/test-datasets/testdata/SRR6357075_1.fastq.gz                  2> logs/trim_galore/RAP1_REP3_treatment.trimmed.log
            mv results/trimmed/RAP1_REP3_treatment/*_val_1.fq.gz results/trimmed/RAP1_REP3_treatment_R1_trimmed.fq.gz
            mv results/trimmed/RAP1_REP3_treatment/*_val_2.fq.gz results/trimmed/RAP1_REP3_treatment_R2_trimmed.fq.gz
        fi' returned non-zero exit status 25.

During handling of the above exception, another exception occurred:

Traceback (most recent call last):
  File "/home/lucianhu/micromamba/envs/rna_snakemake/lib/python3.12/site-packages/snakemake/executors/local.py", line 261, in _callback
    raise ex
  File "/home/lucianhu/micromamba/envs/rna_snakemake/lib/python3.12/concurrent/futures/thread.py", line 58, in run
    result = self.fn(*self.args, **self.kwargs)
             ^^^^^^^^^^^^^^^^^^^^^^^^^^^^^^^^^^
  File "/home/lucianhu/micromamba/envs/rna_snakemake/lib/python3.12/site-packages/snakemake/executors/local.py", line 247, in cached_or_run
    run_func(*args)
  File "/home/lucianhu/micromamba/envs/rna_snakemake/lib/python3.12/site-packages/snakemake/executors/local.py", line 459, in run_wrapper
    raise RuleException(
snakemake.exceptions.RuleException: CalledProcessError in file /home/lucianhu/rna_snakemake/test_ting/Snakefile, line 51:
Command 'set -euo pipefail;  
        mkdir -p results/trimmed/RAP1_REP3_treatment
        
        if [ "" == "[]" ]; then
            # Single-end reads
            trim_galore --fastqc_args '-t 12' --cores 8                 --gzip                 --output_dir results/trimmed/RAP1_REP3_treatment                 /home/lucianhu/rna_snakemake/rna_snakemake/test-datasets/testdata/SRR6357075_1.fastq.gz                 2> logs/trim_galore/RAP1_REP3_treatment.trimmed.log
            mv results/trimmed/RAP1_REP3_treatment/*_trimmed.fq.gz results/trimmed/RAP1_REP3_treatment_R1_trimmed.fq.gz
            touch results/trimmed/RAP1_REP3_treatment_R2_trimmed.fq.gz
        else
            # Paired-end reads
            trim_galore --fastqc_args '-t 12' --cores 8                 --paired                 --gzip                 --output_dir results/trimmed/RAP1_REP3_treatment                 /home/lucianhu/rna_snakemake/rna_snakemake/test-datasets/testdata/SRR6357075_1.fastq.gz                  2> logs/trim_galore/RAP1_REP3_treatment.trimmed.log
            mv results/trimmed/RAP1_REP3_treatment/*_val_1.fq.gz results/trimmed/RAP1_REP3_treatment_R1_trimmed.fq.gz
            mv results/trimmed/RAP1_REP3_treatment/*_val_2.fq.gz results/trimmed/RAP1_REP3_treatment_R2_trimmed.fq.gz
        fi' returned non-zero exit status 25.

RuleException:
CalledProcessError in file /home/lucianhu/rna_snakemake/test_ting/Snakefile, line 51:
Command 'set -euo pipefail;  
        mkdir -p results/trimmed/RAP1_REP3_treatment
        
        if [ "" == "[]" ]; then
            # Single-end reads
            trim_galore --fastqc_args '-t 12' --cores 8                 --gzip                 --output_dir results/trimmed/RAP1_REP3_treatment                 /home/lucianhu/rna_snakemake/rna_snakemake/test-datasets/testdata/SRR6357075_1.fastq.gz                 2> logs/trim_galore/RAP1_REP3_treatment.trimmed.log
            mv results/trimmed/RAP1_REP3_treatment/*_trimmed.fq.gz results/trimmed/RAP1_REP3_treatment_R1_trimmed.fq.gz
            touch results/trimmed/RAP1_REP3_treatment_R2_trimmed.fq.gz
        else
            # Paired-end reads
            trim_galore --fastqc_args '-t 12' --cores 8                 --paired                 --gzip                 --output_dir results/trimmed/RAP1_REP3_treatment                 /home/lucianhu/rna_snakemake/rna_snakemake/test-datasets/testdata/SRR6357075_1.fastq.gz                  2> logs/trim_galore/RAP1_REP3_treatment.trimmed.log
            mv results/trimmed/RAP1_REP3_treatment/*_val_1.fq.gz results/trimmed/RAP1_REP3_treatment_R1_trimmed.fq.gz
            mv results/trimmed/RAP1_REP3_treatment/*_val_2.fq.gz results/trimmed/RAP1_REP3_treatment_R2_trimmed.fq.gz
        fi' returned non-zero exit status 25.
[Tue Aug 13 23:59:16 2024]
Error in rule trim_galore:
    jobid: 6
    input: /home/lucianhu/rna_snakemake/rna_snakemake/test-datasets/testdata/SRR6357075_1.fastq.gz
    output: results/trimmed/RAP1_REP3_treatment_R1_trimmed.fq.gz, results/trimmed/RAP1_REP3_treatment_R2_trimmed.fq.gz, results/trimmed/RAP1_REP3_treatment
    log: logs/trim_galore/RAP1_REP3_treatment.trimmed.log (check log file(s) for error details)
    conda-env: /home/lucianhu/rna_snakemake/test_ting/.snakemake/conda/cd96ed42c911eeae2331e9bea5ddc6ae_
    shell:
        
        mkdir -p results/trimmed/RAP1_REP3_treatment
        
        if [ "" == "[]" ]; then
            # Single-end reads
            trim_galore --fastqc_args '-t 12' --cores 8                 --gzip                 --output_dir results/trimmed/RAP1_REP3_treatment                 /home/lucianhu/rna_snakemake/rna_snakemake/test-datasets/testdata/SRR6357075_1.fastq.gz                 2> logs/trim_galore/RAP1_REP3_treatment.trimmed.log
            mv results/trimmed/RAP1_REP3_treatment/*_trimmed.fq.gz results/trimmed/RAP1_REP3_treatment_R1_trimmed.fq.gz
            touch results/trimmed/RAP1_REP3_treatment_R2_trimmed.fq.gz
        else
            # Paired-end reads
            trim_galore --fastqc_args '-t 12' --cores 8                 --paired                 --gzip                 --output_dir results/trimmed/RAP1_REP3_treatment                 /home/lucianhu/rna_snakemake/rna_snakemake/test-datasets/testdata/SRR6357075_1.fastq.gz                  2> logs/trim_galore/RAP1_REP3_treatment.trimmed.log
            mv results/trimmed/RAP1_REP3_treatment/*_val_1.fq.gz results/trimmed/RAP1_REP3_treatment_R1_trimmed.fq.gz
            mv results/trimmed/RAP1_REP3_treatment/*_val_2.fq.gz results/trimmed/RAP1_REP3_treatment_R2_trimmed.fq.gz
        fi
        
        (one of the commands exited with non-zero exit code; note that snakemake uses bash strict mode!)

Removing output files of failed job trim_galore since they might be corrupted:
results/trimmed/RAP1_REP3_treatment
Full Traceback (most recent call last):
  File "/home/lucianhu/micromamba/envs/rna_snakemake/lib/python3.12/site-packages/snakemake/executors/local.py", line 423, in run_wrapper
    run(
  File "/home/lucianhu/rna_snakemake/test_ting/Snakefile", line 132, in __rule_trim_galore
  File "/home/lucianhu/micromamba/envs/rna_snakemake/lib/python3.12/site-packages/snakemake/shell.py", line 357, in __new__
    raise sp.CalledProcessError(retcode, cmd)
subprocess.CalledProcessError: Command 'set -euo pipefail;  
        mkdir -p results/trimmed/RAP1_REP1_treatment
        
        if [ "" == "[]" ]; then
            # Single-end reads
            trim_galore --fastqc_args '-t 12' --cores 8                 --gzip                 --output_dir results/trimmed/RAP1_REP1_treatment                 /home/lucianhu/rna_snakemake/rna_snakemake/test-datasets/testdata/SRR6357073_1.fastq.gz                 2> logs/trim_galore/RAP1_REP1_treatment.trimmed.log
            mv results/trimmed/RAP1_REP1_treatment/*_trimmed.fq.gz results/trimmed/RAP1_REP1_treatment_R1_trimmed.fq.gz
            touch results/trimmed/RAP1_REP1_treatment_R2_trimmed.fq.gz
        else
            # Paired-end reads
            trim_galore --fastqc_args '-t 12' --cores 8                 --paired                 --gzip                 --output_dir results/trimmed/RAP1_REP1_treatment                 /home/lucianhu/rna_snakemake/rna_snakemake/test-datasets/testdata/SRR6357073_1.fastq.gz                  2> logs/trim_galore/RAP1_REP1_treatment.trimmed.log
            mv results/trimmed/RAP1_REP1_treatment/*_val_1.fq.gz results/trimmed/RAP1_REP1_treatment_R1_trimmed.fq.gz
            mv results/trimmed/RAP1_REP1_treatment/*_val_2.fq.gz results/trimmed/RAP1_REP1_treatment_R2_trimmed.fq.gz
        fi' returned non-zero exit status 25.

Full Traceback (most recent call last):
  File "/home/lucianhu/micromamba/envs/rna_snakemake/lib/python3.12/site-packages/snakemake/executors/local.py", line 423, in run_wrapper
    run(
  File "/home/lucianhu/rna_snakemake/test_ting/Snakefile", line 132, in __rule_trim_galore
  File "/home/lucianhu/micromamba/envs/rna_snakemake/lib/python3.12/site-packages/snakemake/shell.py", line 357, in __new__
    raise sp.CalledProcessError(retcode, cmd)
subprocess.CalledProcessError: Command 'set -euo pipefail;  
        mkdir -p results/trimmed/RAP1_REP1_treatment
        
        if [ "" == "[]" ]; then
            # Single-end reads
            trim_galore --fastqc_args '-t 12' --cores 8                 --gzip                 --output_dir results/trimmed/RAP1_REP1_treatment                 /home/lucianhu/rna_snakemake/rna_snakemake/test-datasets/testdata/SRR6357073_1.fastq.gz                 2> logs/trim_galore/RAP1_REP1_treatment.trimmed.log
            mv results/trimmed/RAP1_REP1_treatment/*_trimmed.fq.gz results/trimmed/RAP1_REP1_treatment_R1_trimmed.fq.gz
            touch results/trimmed/RAP1_REP1_treatment_R2_trimmed.fq.gz
        else
            # Paired-end reads
            trim_galore --fastqc_args '-t 12' --cores 8                 --paired                 --gzip                 --output_dir results/trimmed/RAP1_REP1_treatment                 /home/lucianhu/rna_snakemake/rna_snakemake/test-datasets/testdata/SRR6357073_1.fastq.gz                  2> logs/trim_galore/RAP1_REP1_treatment.trimmed.log
            mv results/trimmed/RAP1_REP1_treatment/*_val_1.fq.gz results/trimmed/RAP1_REP1_treatment_R1_trimmed.fq.gz
            mv results/trimmed/RAP1_REP1_treatment/*_val_2.fq.gz results/trimmed/RAP1_REP1_treatment_R2_trimmed.fq.gz
        fi' returned non-zero exit status 25.

During handling of the above exception, another exception occurred:

Traceback (most recent call last):
  File "/home/lucianhu/micromamba/envs/rna_snakemake/lib/python3.12/site-packages/snakemake/executors/local.py", line 261, in _callback
    raise ex
  File "/home/lucianhu/micromamba/envs/rna_snakemake/lib/python3.12/concurrent/futures/thread.py", line 58, in run
    result = self.fn(*self.args, **self.kwargs)
             ^^^^^^^^^^^^^^^^^^^^^^^^^^^^^^^^^^
  File "/home/lucianhu/micromamba/envs/rna_snakemake/lib/python3.12/site-packages/snakemake/executors/local.py", line 247, in cached_or_run
    run_func(*args)
  File "/home/lucianhu/micromamba/envs/rna_snakemake/lib/python3.12/site-packages/snakemake/executors/local.py", line 459, in run_wrapper
    raise RuleException(
snakemake.exceptions.RuleException: CalledProcessError in file /home/lucianhu/rna_snakemake/test_ting/Snakefile, line 51:
Command 'set -euo pipefail;  
        mkdir -p results/trimmed/RAP1_REP1_treatment
        
        if [ "" == "[]" ]; then
            # Single-end reads
            trim_galore --fastqc_args '-t 12' --cores 8                 --gzip                 --output_dir results/trimmed/RAP1_REP1_treatment                 /home/lucianhu/rna_snakemake/rna_snakemake/test-datasets/testdata/SRR6357073_1.fastq.gz                 2> logs/trim_galore/RAP1_REP1_treatment.trimmed.log
            mv results/trimmed/RAP1_REP1_treatment/*_trimmed.fq.gz results/trimmed/RAP1_REP1_treatment_R1_trimmed.fq.gz
            touch results/trimmed/RAP1_REP1_treatment_R2_trimmed.fq.gz
        else
            # Paired-end reads
            trim_galore --fastqc_args '-t 12' --cores 8                 --paired                 --gzip                 --output_dir results/trimmed/RAP1_REP1_treatment                 /home/lucianhu/rna_snakemake/rna_snakemake/test-datasets/testdata/SRR6357073_1.fastq.gz                  2> logs/trim_galore/RAP1_REP1_treatment.trimmed.log
            mv results/trimmed/RAP1_REP1_treatment/*_val_1.fq.gz results/trimmed/RAP1_REP1_treatment_R1_trimmed.fq.gz
            mv results/trimmed/RAP1_REP1_treatment/*_val_2.fq.gz results/trimmed/RAP1_REP1_treatment_R2_trimmed.fq.gz
        fi' returned non-zero exit status 25.

RuleException:
CalledProcessError in file /home/lucianhu/rna_snakemake/test_ting/Snakefile, line 51:
Command 'set -euo pipefail;  
        mkdir -p results/trimmed/RAP1_REP1_treatment
        
        if [ "" == "[]" ]; then
            # Single-end reads
            trim_galore --fastqc_args '-t 12' --cores 8                 --gzip                 --output_dir results/trimmed/RAP1_REP1_treatment                 /home/lucianhu/rna_snakemake/rna_snakemake/test-datasets/testdata/SRR6357073_1.fastq.gz                 2> logs/trim_galore/RAP1_REP1_treatment.trimmed.log
            mv results/trimmed/RAP1_REP1_treatment/*_trimmed.fq.gz results/trimmed/RAP1_REP1_treatment_R1_trimmed.fq.gz
            touch results/trimmed/RAP1_REP1_treatment_R2_trimmed.fq.gz
        else
            # Paired-end reads
            trim_galore --fastqc_args '-t 12' --cores 8                 --paired                 --gzip                 --output_dir results/trimmed/RAP1_REP1_treatment                 /home/lucianhu/rna_snakemake/rna_snakemake/test-datasets/testdata/SRR6357073_1.fastq.gz                  2> logs/trim_galore/RAP1_REP1_treatment.trimmed.log
            mv results/trimmed/RAP1_REP1_treatment/*_val_1.fq.gz results/trimmed/RAP1_REP1_treatment_R1_trimmed.fq.gz
            mv results/trimmed/RAP1_REP1_treatment/*_val_2.fq.gz results/trimmed/RAP1_REP1_treatment_R2_trimmed.fq.gz
        fi' returned non-zero exit status 25.
[Tue Aug 13 23:59:16 2024]
Error in rule trim_galore:
    jobid: 4
    input: /home/lucianhu/rna_snakemake/rna_snakemake/test-datasets/testdata/SRR6357073_1.fastq.gz
    output: results/trimmed/RAP1_REP1_treatment_R1_trimmed.fq.gz, results/trimmed/RAP1_REP1_treatment_R2_trimmed.fq.gz, results/trimmed/RAP1_REP1_treatment
    log: logs/trim_galore/RAP1_REP1_treatment.trimmed.log (check log file(s) for error details)
    conda-env: /home/lucianhu/rna_snakemake/test_ting/.snakemake/conda/cd96ed42c911eeae2331e9bea5ddc6ae_
    shell:
        
        mkdir -p results/trimmed/RAP1_REP1_treatment
        
        if [ "" == "[]" ]; then
            # Single-end reads
            trim_galore --fastqc_args '-t 12' --cores 8                 --gzip                 --output_dir results/trimmed/RAP1_REP1_treatment                 /home/lucianhu/rna_snakemake/rna_snakemake/test-datasets/testdata/SRR6357073_1.fastq.gz                 2> logs/trim_galore/RAP1_REP1_treatment.trimmed.log
            mv results/trimmed/RAP1_REP1_treatment/*_trimmed.fq.gz results/trimmed/RAP1_REP1_treatment_R1_trimmed.fq.gz
            touch results/trimmed/RAP1_REP1_treatment_R2_trimmed.fq.gz
        else
            # Paired-end reads
            trim_galore --fastqc_args '-t 12' --cores 8                 --paired                 --gzip                 --output_dir results/trimmed/RAP1_REP1_treatment                 /home/lucianhu/rna_snakemake/rna_snakemake/test-datasets/testdata/SRR6357073_1.fastq.gz                  2> logs/trim_galore/RAP1_REP1_treatment.trimmed.log
            mv results/trimmed/RAP1_REP1_treatment/*_val_1.fq.gz results/trimmed/RAP1_REP1_treatment_R1_trimmed.fq.gz
            mv results/trimmed/RAP1_REP1_treatment/*_val_2.fq.gz results/trimmed/RAP1_REP1_treatment_R2_trimmed.fq.gz
        fi
        
        (one of the commands exited with non-zero exit code; note that snakemake uses bash strict mode!)

Removing output files of failed job trim_galore since they might be corrupted:
results/trimmed/RAP1_REP1_treatment
Full Traceback (most recent call last):
  File "/home/lucianhu/micromamba/envs/rna_snakemake/lib/python3.12/site-packages/snakemake/executors/local.py", line 423, in run_wrapper
    run(
  File "/home/lucianhu/rna_snakemake/test_ting/Snakefile", line 132, in __rule_trim_galore
  File "/home/lucianhu/micromamba/envs/rna_snakemake/lib/python3.12/site-packages/snakemake/shell.py", line 357, in __new__
    raise sp.CalledProcessError(retcode, cmd)
subprocess.CalledProcessError: Command 'set -euo pipefail;  
        mkdir -p results/trimmed/RAP1_REP2_treatment
        
        if [ "" == "[]" ]; then
            # Single-end reads
            trim_galore --fastqc_args '-t 12' --cores 8                 --gzip                 --output_dir results/trimmed/RAP1_REP2_treatment                 /home/lucianhu/rna_snakemake/rna_snakemake/test-datasets/testdata/SRR6357074_1.fastq.gz                 2> logs/trim_galore/RAP1_REP2_treatment.trimmed.log
            mv results/trimmed/RAP1_REP2_treatment/*_trimmed.fq.gz results/trimmed/RAP1_REP2_treatment_R1_trimmed.fq.gz
            touch results/trimmed/RAP1_REP2_treatment_R2_trimmed.fq.gz
        else
            # Paired-end reads
            trim_galore --fastqc_args '-t 12' --cores 8                 --paired                 --gzip                 --output_dir results/trimmed/RAP1_REP2_treatment                 /home/lucianhu/rna_snakemake/rna_snakemake/test-datasets/testdata/SRR6357074_1.fastq.gz                  2> logs/trim_galore/RAP1_REP2_treatment.trimmed.log
            mv results/trimmed/RAP1_REP2_treatment/*_val_1.fq.gz results/trimmed/RAP1_REP2_treatment_R1_trimmed.fq.gz
            mv results/trimmed/RAP1_REP2_treatment/*_val_2.fq.gz results/trimmed/RAP1_REP2_treatment_R2_trimmed.fq.gz
        fi' returned non-zero exit status 25.

Full Traceback (most recent call last):
  File "/home/lucianhu/micromamba/envs/rna_snakemake/lib/python3.12/site-packages/snakemake/executors/local.py", line 423, in run_wrapper
    run(
  File "/home/lucianhu/rna_snakemake/test_ting/Snakefile", line 132, in __rule_trim_galore
  File "/home/lucianhu/micromamba/envs/rna_snakemake/lib/python3.12/site-packages/snakemake/shell.py", line 357, in __new__
    raise sp.CalledProcessError(retcode, cmd)
subprocess.CalledProcessError: Command 'set -euo pipefail;  
        mkdir -p results/trimmed/RAP1_REP2_treatment
        
        if [ "" == "[]" ]; then
            # Single-end reads
            trim_galore --fastqc_args '-t 12' --cores 8                 --gzip                 --output_dir results/trimmed/RAP1_REP2_treatment                 /home/lucianhu/rna_snakemake/rna_snakemake/test-datasets/testdata/SRR6357074_1.fastq.gz                 2> logs/trim_galore/RAP1_REP2_treatment.trimmed.log
            mv results/trimmed/RAP1_REP2_treatment/*_trimmed.fq.gz results/trimmed/RAP1_REP2_treatment_R1_trimmed.fq.gz
            touch results/trimmed/RAP1_REP2_treatment_R2_trimmed.fq.gz
        else
            # Paired-end reads
            trim_galore --fastqc_args '-t 12' --cores 8                 --paired                 --gzip                 --output_dir results/trimmed/RAP1_REP2_treatment                 /home/lucianhu/rna_snakemake/rna_snakemake/test-datasets/testdata/SRR6357074_1.fastq.gz                  2> logs/trim_galore/RAP1_REP2_treatment.trimmed.log
            mv results/trimmed/RAP1_REP2_treatment/*_val_1.fq.gz results/trimmed/RAP1_REP2_treatment_R1_trimmed.fq.gz
            mv results/trimmed/RAP1_REP2_treatment/*_val_2.fq.gz results/trimmed/RAP1_REP2_treatment_R2_trimmed.fq.gz
        fi' returned non-zero exit status 25.

During handling of the above exception, another exception occurred:

Traceback (most recent call last):
  File "/home/lucianhu/micromamba/envs/rna_snakemake/lib/python3.12/site-packages/snakemake/executors/local.py", line 261, in _callback
    raise ex
  File "/home/lucianhu/micromamba/envs/rna_snakemake/lib/python3.12/concurrent/futures/thread.py", line 58, in run
    result = self.fn(*self.args, **self.kwargs)
             ^^^^^^^^^^^^^^^^^^^^^^^^^^^^^^^^^^
  File "/home/lucianhu/micromamba/envs/rna_snakemake/lib/python3.12/site-packages/snakemake/executors/local.py", line 247, in cached_or_run
    run_func(*args)
  File "/home/lucianhu/micromamba/envs/rna_snakemake/lib/python3.12/site-packages/snakemake/executors/local.py", line 459, in run_wrapper
    raise RuleException(
snakemake.exceptions.RuleException: CalledProcessError in file /home/lucianhu/rna_snakemake/test_ting/Snakefile, line 51:
Command 'set -euo pipefail;  
        mkdir -p results/trimmed/RAP1_REP2_treatment
        
        if [ "" == "[]" ]; then
            # Single-end reads
            trim_galore --fastqc_args '-t 12' --cores 8                 --gzip                 --output_dir results/trimmed/RAP1_REP2_treatment                 /home/lucianhu/rna_snakemake/rna_snakemake/test-datasets/testdata/SRR6357074_1.fastq.gz                 2> logs/trim_galore/RAP1_REP2_treatment.trimmed.log
            mv results/trimmed/RAP1_REP2_treatment/*_trimmed.fq.gz results/trimmed/RAP1_REP2_treatment_R1_trimmed.fq.gz
            touch results/trimmed/RAP1_REP2_treatment_R2_trimmed.fq.gz
        else
            # Paired-end reads
            trim_galore --fastqc_args '-t 12' --cores 8                 --paired                 --gzip                 --output_dir results/trimmed/RAP1_REP2_treatment                 /home/lucianhu/rna_snakemake/rna_snakemake/test-datasets/testdata/SRR6357074_1.fastq.gz                  2> logs/trim_galore/RAP1_REP2_treatment.trimmed.log
            mv results/trimmed/RAP1_REP2_treatment/*_val_1.fq.gz results/trimmed/RAP1_REP2_treatment_R1_trimmed.fq.gz
            mv results/trimmed/RAP1_REP2_treatment/*_val_2.fq.gz results/trimmed/RAP1_REP2_treatment_R2_trimmed.fq.gz
        fi' returned non-zero exit status 25.

RuleException:
CalledProcessError in file /home/lucianhu/rna_snakemake/test_ting/Snakefile, line 51:
Command 'set -euo pipefail;  
        mkdir -p results/trimmed/RAP1_REP2_treatment
        
        if [ "" == "[]" ]; then
            # Single-end reads
            trim_galore --fastqc_args '-t 12' --cores 8                 --gzip                 --output_dir results/trimmed/RAP1_REP2_treatment                 /home/lucianhu/rna_snakemake/rna_snakemake/test-datasets/testdata/SRR6357074_1.fastq.gz                 2> logs/trim_galore/RAP1_REP2_treatment.trimmed.log
            mv results/trimmed/RAP1_REP2_treatment/*_trimmed.fq.gz results/trimmed/RAP1_REP2_treatment_R1_trimmed.fq.gz
            touch results/trimmed/RAP1_REP2_treatment_R2_trimmed.fq.gz
        else
            # Paired-end reads
            trim_galore --fastqc_args '-t 12' --cores 8                 --paired                 --gzip                 --output_dir results/trimmed/RAP1_REP2_treatment                 /home/lucianhu/rna_snakemake/rna_snakemake/test-datasets/testdata/SRR6357074_1.fastq.gz                  2> logs/trim_galore/RAP1_REP2_treatment.trimmed.log
            mv results/trimmed/RAP1_REP2_treatment/*_val_1.fq.gz results/trimmed/RAP1_REP2_treatment_R1_trimmed.fq.gz
            mv results/trimmed/RAP1_REP2_treatment/*_val_2.fq.gz results/trimmed/RAP1_REP2_treatment_R2_trimmed.fq.gz
        fi' returned non-zero exit status 25.
[Tue Aug 13 23:59:16 2024]
Error in rule trim_galore:
    jobid: 5
    input: /home/lucianhu/rna_snakemake/rna_snakemake/test-datasets/testdata/SRR6357074_1.fastq.gz
    output: results/trimmed/RAP1_REP2_treatment_R1_trimmed.fq.gz, results/trimmed/RAP1_REP2_treatment_R2_trimmed.fq.gz, results/trimmed/RAP1_REP2_treatment
    log: logs/trim_galore/RAP1_REP2_treatment.trimmed.log (check log file(s) for error details)
    conda-env: /home/lucianhu/rna_snakemake/test_ting/.snakemake/conda/cd96ed42c911eeae2331e9bea5ddc6ae_
    shell:
        
        mkdir -p results/trimmed/RAP1_REP2_treatment
        
        if [ "" == "[]" ]; then
            # Single-end reads
            trim_galore --fastqc_args '-t 12' --cores 8                 --gzip                 --output_dir results/trimmed/RAP1_REP2_treatment                 /home/lucianhu/rna_snakemake/rna_snakemake/test-datasets/testdata/SRR6357074_1.fastq.gz                 2> logs/trim_galore/RAP1_REP2_treatment.trimmed.log
            mv results/trimmed/RAP1_REP2_treatment/*_trimmed.fq.gz results/trimmed/RAP1_REP2_treatment_R1_trimmed.fq.gz
            touch results/trimmed/RAP1_REP2_treatment_R2_trimmed.fq.gz
        else
            # Paired-end reads
            trim_galore --fastqc_args '-t 12' --cores 8                 --paired                 --gzip                 --output_dir results/trimmed/RAP1_REP2_treatment                 /home/lucianhu/rna_snakemake/rna_snakemake/test-datasets/testdata/SRR6357074_1.fastq.gz                  2> logs/trim_galore/RAP1_REP2_treatment.trimmed.log
            mv results/trimmed/RAP1_REP2_treatment/*_val_1.fq.gz results/trimmed/RAP1_REP2_treatment_R1_trimmed.fq.gz
            mv results/trimmed/RAP1_REP2_treatment/*_val_2.fq.gz results/trimmed/RAP1_REP2_treatment_R2_trimmed.fq.gz
        fi
        
        (one of the commands exited with non-zero exit code; note that snakemake uses bash strict mode!)

Removing output files of failed job trim_galore since they might be corrupted:
results/trimmed/RAP1_REP2_treatment
Shutting down, this might take some time.
Exiting because a job execution failed. Look above for error message
Complete log: .snakemake/log/2024-08-13T235916.586439.snakemake.log
unlocking
removing lock
removing lock
removed all locks
Full Traceback (most recent call last):
  File "/home/lucianhu/micromamba/envs/rna_snakemake/lib/python3.12/site-packages/snakemake/cli.py", line 2103, in args_to_api
    dag_api.execute_workflow(
  File "/home/lucianhu/micromamba/envs/rna_snakemake/lib/python3.12/site-packages/snakemake/api.py", line 594, in execute_workflow
    workflow.execute(
  File "/home/lucianhu/micromamba/envs/rna_snakemake/lib/python3.12/site-packages/snakemake/workflow.py", line 1286, in execute
    raise WorkflowError("At least one job did not complete successfully.")
snakemake_interface_common.exceptions.WorkflowError: At least one job did not complete successfully.

WorkflowError:
At least one job did not complete successfully.
