Building DAG of jobs...
shared_storage_local_copies: True
remote_exec: False
Using shell: /usr/bin/bash
Provided cores: 24
Rules claiming more threads will be scaled down.
Conda environments: ignored
Job stats:
job                 count
----------------  -------
all                     1
samtools_process        6
total                   7

Resources before job selection: {'_cores': 24, '_nodes': 9223372036854775807}
Ready jobs (6)
Select jobs to execute...
Selected jobs (4)
Resources after job selection: {'_cores': 0, '_nodes': 9223372036854775803}
Execute 4 jobs...

[Thu Aug 15 16:22:09 2024]
localrule samtools_process:
    input: results/align/bam_original/RAP1_REP1_treatment/RAP1_REP1_treatment.Aligned.out.bam, resources/genome.fa
    output: results/align/bam_original/RAP1_REP1_treatment/RAP1_REP1_treatment.sorted.bam, results/align/bam_original/RAP1_REP1_treatment/RAP1_REP1_treatment.sorted.bam.bai, results/align/bam_original/RAP1_REP1_treatment/RAP1_REP1_treatment.sorted.bam.stats, results/align/bam_original/RAP1_REP1_treatment/RAP1_REP1_treatment.sorted.bam.flagstat, results/align/bam_original/RAP1_REP1_treatment/RAP1_REP1_treatment.sorted.bam.idxstats
    log: logs/samtools_process/RAP1_REP1_treatment.samtools_process.log
    jobid: 10
    reason: Missing output files: results/align/bam_original/RAP1_REP1_treatment/RAP1_REP1_treatment.sorted.bam.stats
    wildcards: sample=RAP1_REP1_treatment
    threads: 6
    resources: tmpdir=/tmp

unlocking
removing lock
removing lock
removed all locks
Full Traceback (most recent call last):
  File "/home/lucianhu/micromamba/envs/rna_snakemake/lib/python3.12/site-packages/snakemake/jobs.py", line 948, in format_wildcards
    return format(string, **_variables)
           ^^^^^^^^^^^^^^^^^^^^^^^^^^^^
  File "/home/lucianhu/micromamba/envs/rna_snakemake/lib/python3.12/site-packages/snakemake/utils.py", line 427, in format
    return fmt.format(_pattern, *args, **variables)
           ^^^^^^^^^^^^^^^^^^^^^^^^^^^^^^^^^^^^^^^^
  File "/home/lucianhu/micromamba/envs/rna_snakemake/lib/python3.12/string.py", line 190, in format
    return self.vformat(format_string, args, kwargs)
           ^^^^^^^^^^^^^^^^^^^^^^^^^^^^^^^^^^^^^^^^^
  File "/home/lucianhu/micromamba/envs/rna_snakemake/lib/python3.12/string.py", line 194, in vformat
    result, _ = self._vformat(format_string, args, kwargs, used_args, 2)
                ^^^^^^^^^^^^^^^^^^^^^^^^^^^^^^^^^^^^^^^^^^^^^^^^^^^^^^^^
  File "/home/lucianhu/micromamba/envs/rna_snakemake/lib/python3.12/string.py", line 234, in _vformat
    obj, arg_used = self.get_field(field_name, args, kwargs)
                    ^^^^^^^^^^^^^^^^^^^^^^^^^^^^^^^^^^^^^^^^
  File "/home/lucianhu/micromamba/envs/rna_snakemake/lib/python3.12/string.py", line 305, in get_field
    obj = getattr(obj, i)
          ^^^^^^^^^^^^^^^
AttributeError: 'Wildcards' object has no attribute 'unit'

During handling of the above exception, another exception occurred:

Traceback (most recent call last):
  File "/home/lucianhu/micromamba/envs/rna_snakemake/lib/python3.12/site-packages/snakemake/cli.py", line 2103, in args_to_api
    dag_api.execute_workflow(
  File "/home/lucianhu/micromamba/envs/rna_snakemake/lib/python3.12/site-packages/snakemake/api.py", line 594, in execute_workflow
    workflow.execute(
  File "/home/lucianhu/micromamba/envs/rna_snakemake/lib/python3.12/site-packages/snakemake/workflow.py", line 1248, in execute
    raise e
  File "/home/lucianhu/micromamba/envs/rna_snakemake/lib/python3.12/site-packages/snakemake/workflow.py", line 1244, in execute
    success = self.scheduler.schedule()
              ^^^^^^^^^^^^^^^^^^^^^^^^^
  File "/home/lucianhu/micromamba/envs/rna_snakemake/lib/python3.12/site-packages/snakemake/scheduler.py", line 313, in schedule
    self.run(
  File "/home/lucianhu/micromamba/envs/rna_snakemake/lib/python3.12/site-packages/snakemake/scheduler.py", line 406, in run
    executor.run_jobs(jobs)
  File "/home/lucianhu/micromamba/envs/rna_snakemake/lib/python3.12/site-packages/snakemake_interface_executor_plugins/executors/base.py", line 71, in run_jobs
    self.run_job_pre(job)
  File "/home/lucianhu/micromamba/envs/rna_snakemake/lib/python3.12/site-packages/snakemake_interface_executor_plugins/executors/base.py", line 86, in run_job_pre
    self.printjob(job)
  File "/home/lucianhu/micromamba/envs/rna_snakemake/lib/python3.12/site-packages/snakemake_interface_executor_plugins/executors/base.py", line 110, in printjob
    job.log_info()
  File "/home/lucianhu/micromamba/envs/rna_snakemake/lib/python3.12/site-packages/snakemake/jobs.py", line 1042, in log_info
    logger.shellcmd(self.shellcmd, indent=indent)
                    ^^^^^^^^^^^^^
  File "/home/lucianhu/micromamba/envs/rna_snakemake/lib/python3.12/site-packages/snakemake/jobs.py", line 601, in shellcmd
    self.format_wildcards(self.rule.shellcmd)
  File "/home/lucianhu/micromamba/envs/rna_snakemake/lib/python3.12/site-packages/snakemake/jobs.py", line 950, in format_wildcards
    raise RuleException(
snakemake.exceptions.RuleException: AttributeError: 'Wildcards' object has no attribute 'unit', when formatting the following:

        # Sorts alignments in BAM file
        samtools sort -@ {threads} -o {output.sorted_bam} -T results/{wildcards.sample}_{wildcards.unit}.sorted {input.bam} &> {log}
        
        # Indexes the sorted BAM file
        samtools index -@ 1 {output.sorted_bam} &>> {log}
        
        # Generates statistics for the sorted BAM file
        samtools stats --threads 1 --reference {input.fasta} {output.sorted_bam} > {output.stats} &>> {log}
        
        # Counts the number of alignments in the BAM file for each FLAG type
        samtools flagstat --threads 1 {output.sorted_bam} > {output.flagstat} &>> {log}
        
        # Produces index statistics for the sorted BAM file
        samtools idxstats {output.sorted_bam} > {output.idxstats} &>> {log}
        

RuleException in rule samtools_process in file /home/lucianhu/rna_snakemake/test_ting/Snakefile, line 259:
AttributeError: 'Wildcards' object has no attribute 'unit', when formatting the following:

        # Sorts alignments in BAM file
        samtools sort -@ {threads} -o {output.sorted_bam} -T results/{wildcards.sample}_{wildcards.unit}.sorted {input.bam} &> {log}
        
        # Indexes the sorted BAM file
        samtools index -@ 1 {output.sorted_bam} &>> {log}
        
        # Generates statistics for the sorted BAM file
        samtools stats --threads 1 --reference {input.fasta} {output.sorted_bam} > {output.stats} &>> {log}
        
        # Counts the number of alignments in the BAM file for each FLAG type
        samtools flagstat --threads 1 {output.sorted_bam} > {output.flagstat} &>> {log}
        
        # Produces index statistics for the sorted BAM file
        samtools idxstats {output.sorted_bam} > {output.idxstats} &>> {log}
        
