Building DAG of jobs...
Forcing incomplete files:
	results/trimmed/WT_REP3_control
	results/trimmed/WT_REP3_control_trimmed_R1.fq.gz
	results/trimmed/WT_REP3_control_trimmed_R2.fq.gz
shared_storage_local_copies: True
remote_exec: False
Using shell: /usr/bin/bash
Provided cores: 24
Rules claiming more threads will be scaled down.
Conda environments: ignored
Job stats:
job                   count
------------------  -------
align_paired              3
align_single              3
all                       1
trim_galore_paired        1
total                     8

Resources before job selection: {'_cores': 24, '_nodes': 9223372036854775807}
Ready jobs (6)
Select jobs to execute...
Selected jobs (2)
Resources after job selection: {'_cores': 0, '_nodes': 9223372036854775805}
Execute 2 jobs...

[Wed Aug 14 15:33:40 2024]
localrule align_single:
    input: results/trimmed/RAP1_REP1_treatment_trimmed_R1.fq.gz, resources/annotation.gtf, resources/star_index
    output: results/align/bam_original/RAP1_REP1_treatment.Aligned.out.bam, results/align/bam_transcript/RAP1_REP1_treatment.toTranscriptome.out.bam, results/align/junction/RAP1_REP1_treatment.out.junction
    log: logs/star_align/RAP1_REP1_treatment.star_align.log
    jobid: 7
    reason: Missing output files: results/align/junction/RAP1_REP1_treatment.out.junction, results/align/bam_original/RAP1_REP1_treatment.Aligned.out.bam, results/align/bam_transcript/RAP1_REP1_treatment.toTranscriptome.out.bam
    wildcards: sample=RAP1_REP1_treatment
    threads: 12
    resources: tmpdir=/tmp


[Wed Aug 14 15:33:40 2024]
localrule align_paired:
    input: results/trimmed/WT_REP2_control_trimmed_R1.fq.gz, results/trimmed/WT_REP2_control_trimmed_R2.fq.gz, resources/annotation.gtf, resources/star_index
    output: results/align/bam_original/WT_REP2_control.Aligned.out.bam, results/align/bam_transcript/WT_REP2_control.toTranscriptome.out.bam, results/align/junction/WT_REP2_control.out.junction
    log: logs/star_align/WT_REP2_control.star_align.log
    jobid: 3
    reason: Missing output files: results/align/bam_transcript/WT_REP2_control.toTranscriptome.out.bam, results/align/bam_original/WT_REP2_control.Aligned.out.bam, results/align/junction/WT_REP2_control.out.junction
    wildcards: sample=WT_REP2_control
    threads: 12
    resources: tmpdir=/tmp

Completion of job ['align_single'] reported to scheduler.
Waiting at most 5 seconds for missing files.
still missing files, waiting...
still missing files, waiting...
still missing files, waiting...
still missing files, waiting...
still missing files, waiting...
Full Traceback (most recent call last):
  File "/home/lucianhu/micromamba/envs/rna_snakemake/lib/python3.12/site-packages/snakemake/dag.py", line 673, in check_and_touch_output
    await wait_for_files(
  File "/home/lucianhu/micromamba/envs/rna_snakemake/lib/python3.12/site-packages/snakemake/io.py", line 985, in wait_for_files
    raise IOError(
OSError: Missing files after 5 seconds. This might be due to filesystem latency. If that is the case, consider to increase the wait time with --latency-wait:
results/align/bam_original/RAP1_REP1_treatment.Aligned.out.bam (missing locally, parent dir contents: )
results/align/bam_transcript/RAP1_REP1_treatment.toTranscriptome.out.bam (missing locally, parent dir contents: )
results/align/junction/RAP1_REP1_treatment.out.junction (missing locally, parent dir contents: )

During handling of the above exception, another exception occurred:

Traceback (most recent call last):
  File "/home/lucianhu/micromamba/envs/rna_snakemake/lib/python3.12/site-packages/snakemake/scheduler.py", line 334, in postprocess
    await job.postprocess(
  File "/home/lucianhu/micromamba/envs/rna_snakemake/lib/python3.12/site-packages/snakemake/jobs.py", line 1133, in postprocess
    await self.dag.check_and_touch_output(
  File "/home/lucianhu/micromamba/envs/rna_snakemake/lib/python3.12/site-packages/snakemake/dag.py", line 680, in check_and_touch_output
    raise MissingOutputException(
snakemake.exceptions.MissingOutputException: Job 7  completed successfully, but some output files are missing. Missing files after 5 seconds. This might be due to filesystem latency. If that is the case, consider to increase the wait time with --latency-wait:
results/align/bam_original/RAP1_REP1_treatment.Aligned.out.bam (missing locally, parent dir contents: )
results/align/bam_transcript/RAP1_REP1_treatment.toTranscriptome.out.bam (missing locally, parent dir contents: )
results/align/junction/RAP1_REP1_treatment.out.junction (missing locally, parent dir contents: )

MissingOutputException in rule align_single in file /home/lucianhu/rna_snakemake/test_ting/Snakefile, line 199:
Job 7  completed successfully, but some output files are missing. Missing files after 5 seconds. This might be due to filesystem latency. If that is the case, consider to increase the wait time with --latency-wait:
results/align/bam_original/RAP1_REP1_treatment.Aligned.out.bam (missing locally, parent dir contents: )
results/align/bam_transcript/RAP1_REP1_treatment.toTranscriptome.out.bam (missing locally, parent dir contents: )
results/align/junction/RAP1_REP1_treatment.out.junction (missing locally, parent dir contents: )
Terminating processes on user request, this might take some time.
Full Traceback (most recent call last):
  File "/home/lucianhu/micromamba/envs/rna_snakemake/lib/python3.12/site-packages/snakemake/executors/local.py", line 423, in run_wrapper
    run(
  File "/home/lucianhu/rna_snakemake/test_ting/Snakefile", line 320, in __rule_align_paired
  File "/home/lucianhu/micromamba/envs/rna_snakemake/lib/python3.12/site-packages/snakemake/shell.py", line 357, in __new__
    raise sp.CalledProcessError(retcode, cmd)
subprocess.CalledProcessError: Command 'set -euo pipefail;  
        STAR --genomeDir resources/star_index              --readFilesIn results/trimmed/WT_REP2_control_trimmed_R1.fq.gz results/trimmed/WT_REP2_control_trimmed_R2.fq.gz                --runThreadN 12              --outFileNamePrefix results/align/WT_REP2_control_              --sjdbGTFfile resources/annotation.gtf              --outSAMattrRGline 'ID:WT_REP2_control' 'SM:WT_REP2_control'              --quantMode TranscriptomeSAM              --twopassMode Basic              --outSAMtype BAM Unsorted              --readFilesCommand zcat              --runRNGseed 0              --outFilterMultimapNmax 20              --alignSJDBoverhangMin 1              --outSAMattributes NH HI AS NM MD              --quantTranscriptomeSAMoutput BanSingleEnd              --outSAMstrandField intronMotif &> logs/star_align/WT_REP2_control.star_align.log

        # Check and move unmapped files if they exist
        if [ -f results/align/WT_REP2_control.Unmapped.out.mate1 ]; then
            mv results/align/WT_REP2_control.Unmapped.out.mate1 results/align/WT_REP2_control.unmapped_1.fastq
            gzip results/align/WT_REP2_control.unmapped_1.fastq
        fi
        if [ -f results/align/WT_REP2_control.Unmapped.out.mate2 ]; then
            mv results/align/WT_REP2_control.Unmapped.out.mate2 results/align/WT_REP2_control.unmapped_2.fastq
            gzip results/align/WT_REP2_control.unmapped_2.fastq
        fi' died with <Signals.SIGINT: 2>.

Full Traceback (most recent call last):
  File "/home/lucianhu/micromamba/envs/rna_snakemake/lib/python3.12/site-packages/snakemake/executors/local.py", line 423, in run_wrapper
    run(
  File "/home/lucianhu/rna_snakemake/test_ting/Snakefile", line 320, in __rule_align_paired
  File "/home/lucianhu/micromamba/envs/rna_snakemake/lib/python3.12/site-packages/snakemake/shell.py", line 357, in __new__
    raise sp.CalledProcessError(retcode, cmd)
subprocess.CalledProcessError: Command 'set -euo pipefail;  
        STAR --genomeDir resources/star_index              --readFilesIn results/trimmed/WT_REP2_control_trimmed_R1.fq.gz results/trimmed/WT_REP2_control_trimmed_R2.fq.gz                --runThreadN 12              --outFileNamePrefix results/align/WT_REP2_control_              --sjdbGTFfile resources/annotation.gtf              --outSAMattrRGline 'ID:WT_REP2_control' 'SM:WT_REP2_control'              --quantMode TranscriptomeSAM              --twopassMode Basic              --outSAMtype BAM Unsorted              --readFilesCommand zcat              --runRNGseed 0              --outFilterMultimapNmax 20              --alignSJDBoverhangMin 1              --outSAMattributes NH HI AS NM MD              --quantTranscriptomeSAMoutput BanSingleEnd              --outSAMstrandField intronMotif &> logs/star_align/WT_REP2_control.star_align.log

        # Check and move unmapped files if they exist
        if [ -f results/align/WT_REP2_control.Unmapped.out.mate1 ]; then
            mv results/align/WT_REP2_control.Unmapped.out.mate1 results/align/WT_REP2_control.unmapped_1.fastq
            gzip results/align/WT_REP2_control.unmapped_1.fastq
        fi
        if [ -f results/align/WT_REP2_control.Unmapped.out.mate2 ]; then
            mv results/align/WT_REP2_control.Unmapped.out.mate2 results/align/WT_REP2_control.unmapped_2.fastq
            gzip results/align/WT_REP2_control.unmapped_2.fastq
        fi' died with <Signals.SIGINT: 2>.

During handling of the above exception, another exception occurred:

Traceback (most recent call last):
  File "/home/lucianhu/micromamba/envs/rna_snakemake/lib/python3.12/site-packages/snakemake/executors/local.py", line 261, in _callback
    raise ex
  File "/home/lucianhu/micromamba/envs/rna_snakemake/lib/python3.12/concurrent/futures/thread.py", line 58, in run
    result = self.fn(*self.args, **self.kwargs)
             ^^^^^^^^^^^^^^^^^^^^^^^^^^^^^^^^^^
  File "/home/lucianhu/micromamba/envs/rna_snakemake/lib/python3.12/site-packages/snakemake/executors/local.py", line 247, in cached_or_run
    run_func(*args)
  File "/home/lucianhu/micromamba/envs/rna_snakemake/lib/python3.12/site-packages/snakemake/executors/local.py", line 459, in run_wrapper
    raise RuleException(
snakemake.exceptions.RuleException: CalledProcessError in file /home/lucianhu/rna_snakemake/test_ting/Snakefile, line 170:
Command 'set -euo pipefail;  
        STAR --genomeDir resources/star_index              --readFilesIn results/trimmed/WT_REP2_control_trimmed_R1.fq.gz results/trimmed/WT_REP2_control_trimmed_R2.fq.gz                --runThreadN 12              --outFileNamePrefix results/align/WT_REP2_control_              --sjdbGTFfile resources/annotation.gtf              --outSAMattrRGline 'ID:WT_REP2_control' 'SM:WT_REP2_control'              --quantMode TranscriptomeSAM              --twopassMode Basic              --outSAMtype BAM Unsorted              --readFilesCommand zcat              --runRNGseed 0              --outFilterMultimapNmax 20              --alignSJDBoverhangMin 1              --outSAMattributes NH HI AS NM MD              --quantTranscriptomeSAMoutput BanSingleEnd              --outSAMstrandField intronMotif &> logs/star_align/WT_REP2_control.star_align.log

        # Check and move unmapped files if they exist
        if [ -f results/align/WT_REP2_control.Unmapped.out.mate1 ]; then
            mv results/align/WT_REP2_control.Unmapped.out.mate1 results/align/WT_REP2_control.unmapped_1.fastq
            gzip results/align/WT_REP2_control.unmapped_1.fastq
        fi
        if [ -f results/align/WT_REP2_control.Unmapped.out.mate2 ]; then
            mv results/align/WT_REP2_control.Unmapped.out.mate2 results/align/WT_REP2_control.unmapped_2.fastq
            gzip results/align/WT_REP2_control.unmapped_2.fastq
        fi' died with <Signals.SIGINT: 2>.

RuleException:
CalledProcessError in file /home/lucianhu/rna_snakemake/test_ting/Snakefile, line 170:
Command 'set -euo pipefail;  
        STAR --genomeDir resources/star_index              --readFilesIn results/trimmed/WT_REP2_control_trimmed_R1.fq.gz results/trimmed/WT_REP2_control_trimmed_R2.fq.gz                --runThreadN 12              --outFileNamePrefix results/align/WT_REP2_control_              --sjdbGTFfile resources/annotation.gtf              --outSAMattrRGline 'ID:WT_REP2_control' 'SM:WT_REP2_control'              --quantMode TranscriptomeSAM              --twopassMode Basic              --outSAMtype BAM Unsorted              --readFilesCommand zcat              --runRNGseed 0              --outFilterMultimapNmax 20              --alignSJDBoverhangMin 1              --outSAMattributes NH HI AS NM MD              --quantTranscriptomeSAMoutput BanSingleEnd              --outSAMstrandField intronMotif &> logs/star_align/WT_REP2_control.star_align.log

        # Check and move unmapped files if they exist
        if [ -f results/align/WT_REP2_control.Unmapped.out.mate1 ]; then
            mv results/align/WT_REP2_control.Unmapped.out.mate1 results/align/WT_REP2_control.unmapped_1.fastq
            gzip results/align/WT_REP2_control.unmapped_1.fastq
        fi
        if [ -f results/align/WT_REP2_control.Unmapped.out.mate2 ]; then
            mv results/align/WT_REP2_control.Unmapped.out.mate2 results/align/WT_REP2_control.unmapped_2.fastq
            gzip results/align/WT_REP2_control.unmapped_2.fastq
        fi' died with <Signals.SIGINT: 2>.
[Wed Aug 14 15:34:21 2024]
Error in rule align_paired:
    jobid: 3
    input: results/trimmed/WT_REP2_control_trimmed_R1.fq.gz, results/trimmed/WT_REP2_control_trimmed_R2.fq.gz, resources/annotation.gtf, resources/star_index
    output: results/align/bam_original/WT_REP2_control.Aligned.out.bam, results/align/bam_transcript/WT_REP2_control.toTranscriptome.out.bam, results/align/junction/WT_REP2_control.out.junction
    log: logs/star_align/WT_REP2_control.star_align.log (check log file(s) for error details)
    conda-env: /home/lucianhu/rna_snakemake/test_ting/.snakemake/conda/1f835baae0b7b062716b90b833a307f5_
    shell:
        
        STAR --genomeDir resources/star_index              --readFilesIn results/trimmed/WT_REP2_control_trimmed_R1.fq.gz results/trimmed/WT_REP2_control_trimmed_R2.fq.gz                --runThreadN 12              --outFileNamePrefix results/align/WT_REP2_control_              --sjdbGTFfile resources/annotation.gtf              --outSAMattrRGline 'ID:WT_REP2_control' 'SM:WT_REP2_control'              --quantMode TranscriptomeSAM              --twopassMode Basic              --outSAMtype BAM Unsorted              --readFilesCommand zcat              --runRNGseed 0              --outFilterMultimapNmax 20              --alignSJDBoverhangMin 1              --outSAMattributes NH HI AS NM MD              --quantTranscriptomeSAMoutput BanSingleEnd              --outSAMstrandField intronMotif &> logs/star_align/WT_REP2_control.star_align.log

        # Check and move unmapped files if they exist
        if [ -f results/align/WT_REP2_control.Unmapped.out.mate1 ]; then
            mv results/align/WT_REP2_control.Unmapped.out.mate1 results/align/WT_REP2_control.unmapped_1.fastq
            gzip results/align/WT_REP2_control.unmapped_1.fastq
        fi
        if [ -f results/align/WT_REP2_control.Unmapped.out.mate2 ]; then
            mv results/align/WT_REP2_control.Unmapped.out.mate2 results/align/WT_REP2_control.unmapped_2.fastq
            gzip results/align/WT_REP2_control.unmapped_2.fastq
        fi
        
        (one of the commands exited with non-zero exit code; note that snakemake uses bash strict mode!)

Complete log: .snakemake/log/2024-08-14T153340.336533.snakemake.log
unlocking
removing lock
removing lock
removed all locks
Full Traceback (most recent call last):
  File "/home/lucianhu/micromamba/envs/rna_snakemake/lib/python3.12/site-packages/snakemake/cli.py", line 2103, in args_to_api
    dag_api.execute_workflow(
  File "/home/lucianhu/micromamba/envs/rna_snakemake/lib/python3.12/site-packages/snakemake/api.py", line 594, in execute_workflow
    workflow.execute(
  File "/home/lucianhu/micromamba/envs/rna_snakemake/lib/python3.12/site-packages/snakemake/workflow.py", line 1286, in execute
    raise WorkflowError("At least one job did not complete successfully.")
snakemake_interface_common.exceptions.WorkflowError: At least one job did not complete successfully.

WorkflowError:
At least one job did not complete successfully.
