Building DAG of jobs...
shared_storage_local_copies: True
remote_exec: False
Using shell: /usr/bin/bash
Provided cores: 24
Rules claiming more threads will be scaled down.
Conda environments: ignored
Job stats:
job       count
------  -------
all           1
fastqc        1
total         2

Resources before job selection: {'_cores': 24, '_nodes': 9223372036854775807}
Ready jobs (1)
Select jobs to execute...
Using greedy selector because only single job has to be scheduled.
Selected jobs (1)
Resources after job selection: {'_cores': 23, '_nodes': 9223372036854775806}
Execute 1 jobs...

[Mon Aug 12 11:24:42 2024]
localrule fastqc:
    input: /home/lucianhu/rna_snakemake/rnaseq-tutorial/reads/Id1_AA-rep1.R1.fastq, /home/lucianhu/rna_snakemake/rnaseq-tutorial/reads/Id1_AA-rep1.R2.fastq
    output: fastqc/Id1_AA_R1_fastqc.html, fastqc/Id1_AA_R2_fastqc.html, fastqc/Id1_AA_R1_fastqc.zip, fastqc/Id1_AA_R2_fastqc.zip
    jobid: 1
    reason: Missing output files: fastqc/Id1_AA_R2_fastqc.html, fastqc/Id1_AA_R1_fastqc.html
    wildcards: sample=Id1_AA
    resources: tmpdir=/tmp

Completion of job ['fastqc'] reported to scheduler.
Waiting at most 120 seconds for missing files.
still missing files, waiting...
still missing files, waiting...
still missing files, waiting...
still missing files, waiting...
still missing files, waiting...
still missing files, waiting...
still missing files, waiting...
still missing files, waiting...
still missing files, waiting...
still missing files, waiting...
Full Traceback (most recent call last):
  File "/home/lucianhu/micromamba/envs/rna_snakemake/lib/python3.12/site-packages/snakemake/dag.py", line 673, in check_and_touch_output
    await wait_for_files(
  File "/home/lucianhu/micromamba/envs/rna_snakemake/lib/python3.12/site-packages/snakemake/io.py", line 985, in wait_for_files
    raise IOError(
OSError: Missing files after 120 seconds. This might be due to filesystem latency. If that is the case, consider to increase the wait time with --latency-wait:
fastqc/Id1_AA_R1_fastqc.html (missing locally, parent dir contents: Id1_AA-rep1.R2_fastqc.zip, Id1_AA-rep1.R2_fastqc.html, Id1_AA-rep1.R1_fastqc.zip, Id1_AA-rep1.R1_fastqc.html)
fastqc/Id1_AA_R2_fastqc.html (missing locally, parent dir contents: Id1_AA-rep1.R2_fastqc.zip, Id1_AA-rep1.R2_fastqc.html, Id1_AA-rep1.R1_fastqc.zip, Id1_AA-rep1.R1_fastqc.html)
fastqc/Id1_AA_R1_fastqc.zip (missing locally, parent dir contents: Id1_AA-rep1.R2_fastqc.zip, Id1_AA-rep1.R2_fastqc.html, Id1_AA-rep1.R1_fastqc.zip, Id1_AA-rep1.R1_fastqc.html)
fastqc/Id1_AA_R2_fastqc.zip (missing locally, parent dir contents: Id1_AA-rep1.R2_fastqc.zip, Id1_AA-rep1.R2_fastqc.html, Id1_AA-rep1.R1_fastqc.zip, Id1_AA-rep1.R1_fastqc.html)

During handling of the above exception, another exception occurred:

Traceback (most recent call last):
  File "/home/lucianhu/micromamba/envs/rna_snakemake/lib/python3.12/site-packages/snakemake/scheduler.py", line 334, in postprocess
    await job.postprocess(
  File "/home/lucianhu/micromamba/envs/rna_snakemake/lib/python3.12/site-packages/snakemake/jobs.py", line 1133, in postprocess
    await self.dag.check_and_touch_output(
  File "/home/lucianhu/micromamba/envs/rna_snakemake/lib/python3.12/site-packages/snakemake/dag.py", line 680, in check_and_touch_output
    raise MissingOutputException(
snakemake.exceptions.MissingOutputException: Job 1  completed successfully, but some output files are missing. Missing files after 120 seconds. This might be due to filesystem latency. If that is the case, consider to increase the wait time with --latency-wait:
fastqc/Id1_AA_R1_fastqc.html (missing locally, parent dir contents: Id1_AA-rep1.R2_fastqc.zip, Id1_AA-rep1.R2_fastqc.html, Id1_AA-rep1.R1_fastqc.zip, Id1_AA-rep1.R1_fastqc.html)
fastqc/Id1_AA_R2_fastqc.html (missing locally, parent dir contents: Id1_AA-rep1.R2_fastqc.zip, Id1_AA-rep1.R2_fastqc.html, Id1_AA-rep1.R1_fastqc.zip, Id1_AA-rep1.R1_fastqc.html)
fastqc/Id1_AA_R1_fastqc.zip (missing locally, parent dir contents: Id1_AA-rep1.R2_fastqc.zip, Id1_AA-rep1.R2_fastqc.html, Id1_AA-rep1.R1_fastqc.zip, Id1_AA-rep1.R1_fastqc.html)
fastqc/Id1_AA_R2_fastqc.zip (missing locally, parent dir contents: Id1_AA-rep1.R2_fastqc.zip, Id1_AA-rep1.R2_fastqc.html, Id1_AA-rep1.R1_fastqc.zip, Id1_AA-rep1.R1_fastqc.html)

MissingOutputException in rule fastqc in file /home/lucianhu/rna_snakemake/test_ting/Snakefile, line 16:
Job 1  completed successfully, but some output files are missing. Missing files after 120 seconds. This might be due to filesystem latency. If that is the case, consider to increase the wait time with --latency-wait:
fastqc/Id1_AA_R1_fastqc.html (missing locally, parent dir contents: Id1_AA-rep1.R2_fastqc.zip, Id1_AA-rep1.R2_fastqc.html, Id1_AA-rep1.R1_fastqc.zip, Id1_AA-rep1.R1_fastqc.html)
fastqc/Id1_AA_R2_fastqc.html (missing locally, parent dir contents: Id1_AA-rep1.R2_fastqc.zip, Id1_AA-rep1.R2_fastqc.html, Id1_AA-rep1.R1_fastqc.zip, Id1_AA-rep1.R1_fastqc.html)
fastqc/Id1_AA_R1_fastqc.zip (missing locally, parent dir contents: Id1_AA-rep1.R2_fastqc.zip, Id1_AA-rep1.R2_fastqc.html, Id1_AA-rep1.R1_fastqc.zip, Id1_AA-rep1.R1_fastqc.html)
fastqc/Id1_AA_R2_fastqc.zip (missing locally, parent dir contents: Id1_AA-rep1.R2_fastqc.zip, Id1_AA-rep1.R2_fastqc.html, Id1_AA-rep1.R1_fastqc.zip, Id1_AA-rep1.R1_fastqc.html)
Shutting down, this might take some time.
Exiting because a job execution failed. Look above for error message
Complete log: .snakemake/log/2024-08-12T112442.146446.snakemake.log
unlocking
removing lock
removing lock
removed all locks
Full Traceback (most recent call last):
  File "/home/lucianhu/micromamba/envs/rna_snakemake/lib/python3.12/site-packages/snakemake/cli.py", line 2103, in args_to_api
    dag_api.execute_workflow(
  File "/home/lucianhu/micromamba/envs/rna_snakemake/lib/python3.12/site-packages/snakemake/api.py", line 594, in execute_workflow
    workflow.execute(
  File "/home/lucianhu/micromamba/envs/rna_snakemake/lib/python3.12/site-packages/snakemake/workflow.py", line 1286, in execute
    raise WorkflowError("At least one job did not complete successfully.")
snakemake_interface_common.exceptions.WorkflowError: At least one job did not complete successfully.

WorkflowError:
At least one job did not complete successfully.
